warning: use of deprecated associated function `assert_cmd::Command::cargo_bin`: incompatible with a custom cargo build-dir, see instead `cargo::cargo_bin_cmd!`
  --> crates/mediagit-cli/tests/cli_command_tests.rs:18:14
   |
18 |     Command::cargo_bin("mediagit").unwrap()
   |              ^^^^^^^^^
   |
   = note: `#[warn(deprecated)]` on by default

warning: use of deprecated associated function `assert_cmd::Command::cargo_bin`: incompatible with a custom cargo build-dir, see instead `cargo::cargo_bin_cmd!`
  --> crates/mediagit-cli/tests/cmd_init_tests.rs:12:28
   |
12 |     let mut cmd = Command::cargo_bin("mediagit").unwrap();
   |                            ^^^^^^^^^
   |
   = note: `#[warn(deprecated)]` on by default

warning: use of deprecated associated function `assert_cmd::Command::cargo_bin`: incompatible with a custom cargo build-dir, see instead `cargo::cargo_bin_cmd!`
  --> crates/mediagit-cli/tests/cmd_init_tests.rs:26:28
   |
26 |     let mut cmd = Command::cargo_bin("mediagit").unwrap();
   |                            ^^^^^^^^^

warning: use of deprecated associated function `assert_cmd::Command::cargo_bin`: incompatible with a custom cargo build-dir, see instead `cargo::cargo_bin_cmd!`
  --> crates/mediagit-cli/tests/cmd_init_tests.rs:37:28
   |
37 |     let mut cmd = Command::cargo_bin("mediagit").unwrap();
   |                            ^^^^^^^^^

warning: use of deprecated associated function `assert_cmd::Command::cargo_bin`: incompatible with a custom cargo build-dir, see instead `cargo::cargo_bin_cmd!`
  --> crates/mediagit-cli/tests/cmd_init_tests.rs:50:28
   |
50 |     let mut cmd = Command::cargo_bin("mediagit").unwrap();
   |                            ^^^^^^^^^

warning: use of deprecated associated function `assert_cmd::Command::cargo_bin`: incompatible with a custom cargo build-dir, see instead `cargo::cargo_bin_cmd!`
  --> crates/mediagit-cli/tests/cmd_init_tests.rs:66:28
   |
66 |     let mut cmd = Command::cargo_bin("mediagit").unwrap();
   |                            ^^^^^^^^^

warning: use of deprecated associated function `assert_cmd::Command::cargo_bin`: incompatible with a custom cargo build-dir, see instead `cargo::cargo_bin_cmd!`
  --> crates/mediagit-cli/tests/cmd_init_tests.rs:79:28
   |
79 |     let mut cmd = Command::cargo_bin("mediagit").unwrap();
   |                            ^^^^^^^^^

warning: use of deprecated associated function `assert_cmd::Command::cargo_bin`: incompatible with a custom cargo build-dir, see instead `cargo::cargo_bin_cmd!`
  --> crates/mediagit-cli/tests/cmd_init_tests.rs:91:28
   |
91 |     let mut cmd = Command::cargo_bin("mediagit").unwrap();
   |                            ^^^^^^^^^

warning: use of deprecated associated function `assert_cmd::Command::cargo_bin`: incompatible with a custom cargo build-dir, see instead `cargo::cargo_bin_cmd!`
   --> crates/mediagit-cli/tests/cmd_init_tests.rs:103:28
    |
103 |     let mut cmd = Command::cargo_bin("mediagit").unwrap();
    |                            ^^^^^^^^^

warning: use of deprecated associated function `assert_cmd::Command::cargo_bin`: incompatible with a custom cargo build-dir, see instead `cargo::cargo_bin_cmd!`
   --> crates/mediagit-cli/tests/cmd_init_tests.rs:118:28
    |
118 |     let mut cmd = Command::cargo_bin("mediagit").unwrap();
    |                            ^^^^^^^^^

warning: use of deprecated associated function `assert_cmd::Command::cargo_bin`: incompatible with a custom cargo build-dir, see instead `cargo::cargo_bin_cmd!`
   --> crates/mediagit-cli/tests/cmd_init_tests.rs:144:32
    |
144 |         let mut cmd = Command::cargo_bin("mediagit").unwrap();
    |                                ^^^^^^^^^

warning: `mediagit-cli` (test "cli_command_tests") generated 1 warning
warning: `mediagit-cli` (test "cmd_init_tests") generated 10 warnings
warning: use of deprecated associated function `assert_cmd::Command::cargo_bin`: incompatible with a custom cargo build-dir, see instead `cargo::cargo_bin_cmd!`
  --> crates/mediagit-cli/tests/cmd_add_tests.rs:16:28
   |
16 |     let mut cmd = Command::cargo_bin("mediagit").unwrap();
   |                            ^^^^^^^^^
   |
   = note: `#[warn(deprecated)]` on by default

warning: use of deprecated associated function `assert_cmd::Command::cargo_bin`: incompatible with a custom cargo build-dir, see instead `cargo::cargo_bin_cmd!`
  --> crates/mediagit-cli/tests/cmd_add_tests.rs:33:28
   |
33 |     let mut cmd = Command::cargo_bin("mediagit").unwrap();
   |                            ^^^^^^^^^

warning: use of deprecated associated function `assert_cmd::Command::cargo_bin`: incompatible with a custom cargo build-dir, see instead `cargo::cargo_bin_cmd!`
  --> crates/mediagit-cli/tests/cmd_add_tests.rs:49:28
   |
49 |     let mut cmd = Command::cargo_bin("mediagit").unwrap();
   |                            ^^^^^^^^^

warning: use of deprecated associated function `assert_cmd::Command::cargo_bin`: incompatible with a custom cargo build-dir, see instead `cargo::cargo_bin_cmd!`
  --> crates/mediagit-cli/tests/cmd_add_tests.rs:65:28
   |
65 |     let mut cmd = Command::cargo_bin("mediagit").unwrap();
   |                            ^^^^^^^^^

warning: use of deprecated associated function `assert_cmd::Command::cargo_bin`: incompatible with a custom cargo build-dir, see instead `cargo::cargo_bin_cmd!`
  --> crates/mediagit-cli/tests/cmd_add_tests.rs:81:28
   |
81 |     let mut cmd = Command::cargo_bin("mediagit").unwrap();
   |                            ^^^^^^^^^

warning: use of deprecated associated function `assert_cmd::Command::cargo_bin`: incompatible with a custom cargo build-dir, see instead `cargo::cargo_bin_cmd!`
  --> crates/mediagit-cli/tests/cmd_add_tests.rs:97:28
   |
97 |     let mut cmd = Command::cargo_bin("mediagit").unwrap();
   |                            ^^^^^^^^^

warning: use of deprecated associated function `assert_cmd::Command::cargo_bin`: incompatible with a custom cargo build-dir, see instead `cargo::cargo_bin_cmd!`
   --> crates/mediagit-cli/tests/cmd_add_tests.rs:113:28
    |
113 |     let mut cmd = Command::cargo_bin("mediagit").unwrap();
    |                            ^^^^^^^^^

warning: use of deprecated associated function `assert_cmd::Command::cargo_bin`: incompatible with a custom cargo build-dir, see instead `cargo::cargo_bin_cmd!`
   --> crates/mediagit-cli/tests/cmd_add_tests.rs:129:28
    |
129 |     let mut cmd = Command::cargo_bin("mediagit").unwrap();
    |                            ^^^^^^^^^

warning: use of deprecated associated function `assert_cmd::Command::cargo_bin`: incompatible with a custom cargo build-dir, see instead `cargo::cargo_bin_cmd!`
   --> crates/mediagit-cli/tests/cmd_add_tests.rs:145:28
    |
145 |     let mut cmd = Command::cargo_bin("mediagit").unwrap();
    |                            ^^^^^^^^^

warning: use of deprecated associated function `assert_cmd::Command::cargo_bin`: incompatible with a custom cargo build-dir, see instead `cargo::cargo_bin_cmd!`
   --> crates/mediagit-cli/tests/cmd_add_tests.rs:158:28
    |
158 |     let mut cmd = Command::cargo_bin("mediagit").unwrap();
    |                            ^^^^^^^^^

warning: use of deprecated associated function `assert_cmd::Command::cargo_bin`: incompatible with a custom cargo build-dir, see instead `cargo::cargo_bin_cmd!`
   --> crates/mediagit-cli/tests/cmd_add_tests.rs:171:28
    |
171 |     let mut cmd = Command::cargo_bin("mediagit").unwrap();
    |                            ^^^^^^^^^

warning: use of deprecated associated function `assert_cmd::Command::cargo_bin`: incompatible with a custom cargo build-dir, see instead `cargo::cargo_bin_cmd!`
   --> crates/mediagit-cli/tests/cmd_add_tests.rs:186:28
    |
186 |     let mut cmd = Command::cargo_bin("mediagit").unwrap();
    |                            ^^^^^^^^^

warning: use of deprecated associated function `assert_cmd::Command::cargo_bin`: incompatible with a custom cargo build-dir, see instead `cargo::cargo_bin_cmd!`
   --> crates/mediagit-cli/tests/cmd_add_tests.rs:202:28
    |
202 |     let mut cmd = Command::cargo_bin("mediagit").unwrap();
    |                            ^^^^^^^^^

warning: use of deprecated associated function `assert_cmd::Command::cargo_bin`: incompatible with a custom cargo build-dir, see instead `cargo::cargo_bin_cmd!`
   --> crates/mediagit-cli/tests/cmd_add_tests.rs:217:28
    |
217 |     let mut cmd = Command::cargo_bin("mediagit").unwrap();
    |                            ^^^^^^^^^

warning: use of deprecated associated function `assert_cmd::Command::cargo_bin`: incompatible with a custom cargo build-dir, see instead `cargo::cargo_bin_cmd!`
   --> crates/mediagit-cli/tests/cmd_add_tests.rs:229:28
    |
229 |     let mut cmd = Command::cargo_bin("mediagit").unwrap();
    |                            ^^^^^^^^^

warning: use of deprecated associated function `assert_cmd::Command::cargo_bin`: incompatible with a custom cargo build-dir, see instead `cargo::cargo_bin_cmd!`
   --> crates/mediagit-cli/tests/cmd_add_tests.rs:244:28
    |
244 |     let mut cmd = Command::cargo_bin("mediagit").unwrap();
    |                            ^^^^^^^^^

warning: `mediagit-cli` (test "cmd_add_tests") generated 16 warnings
warning: use of deprecated associated function `assert_cmd::Command::cargo_bin`: incompatible with a custom cargo build-dir, see instead `cargo::cargo_bin_cmd!`
  --> crates/mediagit-cli/tests/cmd_merge_tests.rs:12:28
   |
12 |     let mut cmd = Command::cargo_bin("mediagit").unwrap();
   |                            ^^^^^^^^^
   |
   = note: `#[warn(deprecated)]` on by default

warning: use of deprecated associated function `assert_cmd::Command::cargo_bin`: incompatible with a custom cargo build-dir, see instead `cargo::cargo_bin_cmd!`
  --> crates/mediagit-cli/tests/cmd_merge_tests.rs:25:28
   |
25 |     let mut cmd = Command::cargo_bin("mediagit").unwrap();
   |                            ^^^^^^^^^

warning: use of deprecated associated function `assert_cmd::Command::cargo_bin`: incompatible with a custom cargo build-dir, see instead `cargo::cargo_bin_cmd!`
  --> crates/mediagit-cli/tests/cmd_merge_tests.rs:40:28
   |
40 |     let mut cmd = Command::cargo_bin("mediagit").unwrap();
   |                            ^^^^^^^^^

warning: use of deprecated associated function `assert_cmd::Command::cargo_bin`: incompatible with a custom cargo build-dir, see instead `cargo::cargo_bin_cmd!`
  --> crates/mediagit-cli/tests/cmd_merge_tests.rs:54:28
   |
54 |     let mut cmd = Command::cargo_bin("mediagit").unwrap();
   |                            ^^^^^^^^^

warning: use of deprecated associated function `assert_cmd::Command::cargo_bin`: incompatible with a custom cargo build-dir, see instead `cargo::cargo_bin_cmd!`
  --> crates/mediagit-cli/tests/cmd_merge_tests.rs:68:28
   |
68 |     let mut cmd = Command::cargo_bin("mediagit").unwrap();
   |                            ^^^^^^^^^

warning: use of deprecated associated function `assert_cmd::Command::cargo_bin`: incompatible with a custom cargo build-dir, see instead `cargo::cargo_bin_cmd!`
  --> crates/mediagit-cli/tests/cmd_merge_tests.rs:82:28
   |
82 |     let mut cmd = Command::cargo_bin("mediagit").unwrap();
   |                            ^^^^^^^^^

warning: use of deprecated associated function `assert_cmd::Command::cargo_bin`: incompatible with a custom cargo build-dir, see instead `cargo::cargo_bin_cmd!`
  --> crates/mediagit-cli/tests/cmd_merge_tests.rs:97:28
   |
97 |     let mut cmd = Command::cargo_bin("mediagit").unwrap();
   |                            ^^^^^^^^^

warning: use of deprecated associated function `assert_cmd::Command::cargo_bin`: incompatible with a custom cargo build-dir, see instead `cargo::cargo_bin_cmd!`
   --> crates/mediagit-cli/tests/cmd_merge_tests.rs:114:28
    |
114 |     let mut cmd = Command::cargo_bin("mediagit").unwrap();
    |                            ^^^^^^^^^

warning: use of deprecated associated function `assert_cmd::Command::cargo_bin`: incompatible with a custom cargo build-dir, see instead `cargo::cargo_bin_cmd!`
   --> crates/mediagit-cli/tests/cmd_merge_tests.rs:128:28
    |
128 |     let mut cmd = Command::cargo_bin("mediagit").unwrap();
    |                            ^^^^^^^^^

warning: use of deprecated associated function `assert_cmd::Command::cargo_bin`: incompatible with a custom cargo build-dir, see instead `cargo::cargo_bin_cmd!`
   --> crates/mediagit-cli/tests/cmd_merge_tests.rs:142:28
    |
142 |     let mut cmd = Command::cargo_bin("mediagit").unwrap();
    |                            ^^^^^^^^^

warning: use of deprecated associated function `assert_cmd::Command::cargo_bin`: incompatible with a custom cargo build-dir, see instead `cargo::cargo_bin_cmd!`
   --> crates/mediagit-cli/tests/cmd_merge_tests.rs:156:28
    |
156 |     let mut cmd = Command::cargo_bin("mediagit").unwrap();
    |                            ^^^^^^^^^

warning: use of deprecated associated function `assert_cmd::Command::cargo_bin`: incompatible with a custom cargo build-dir, see instead `cargo::cargo_bin_cmd!`
   --> crates/mediagit-cli/tests/cmd_merge_tests.rs:170:28
    |
170 |     let mut cmd = Command::cargo_bin("mediagit").unwrap();
    |                            ^^^^^^^^^

warning: use of deprecated associated function `assert_cmd::Command::cargo_bin`: incompatible with a custom cargo build-dir, see instead `cargo::cargo_bin_cmd!`
   --> crates/mediagit-cli/tests/cmd_merge_tests.rs:184:28
    |
184 |     let mut cmd = Command::cargo_bin("mediagit").unwrap();
    |                            ^^^^^^^^^

warning: use of deprecated associated function `assert_cmd::Command::cargo_bin`: incompatible with a custom cargo build-dir, see instead `cargo::cargo_bin_cmd!`
   --> crates/mediagit-cli/tests/cmd_merge_tests.rs:196:28
    |
196 |     let mut cmd = Command::cargo_bin("mediagit").unwrap();
    |                            ^^^^^^^^^

warning: use of deprecated associated function `assert_cmd::Command::cargo_bin`: incompatible with a custom cargo build-dir, see instead `cargo::cargo_bin_cmd!`
   --> crates/mediagit-cli/tests/cmd_merge_tests.rs:210:28
    |
210 |     let mut cmd = Command::cargo_bin("mediagit").unwrap();
    |                            ^^^^^^^^^

warning: use of deprecated associated function `assert_cmd::Command::cargo_bin`: incompatible with a custom cargo build-dir, see instead `cargo::cargo_bin_cmd!`
   --> crates/mediagit-cli/tests/cmd_merge_tests.rs:222:28
    |
222 |     let mut cmd = Command::cargo_bin("mediagit").unwrap();
    |                            ^^^^^^^^^

warning: use of deprecated associated function `assert_cmd::Command::cargo_bin`: incompatible with a custom cargo build-dir, see instead `cargo::cargo_bin_cmd!`
   --> crates/mediagit-cli/tests/cmd_merge_tests.rs:239:28
    |
239 |     let mut cmd = Command::cargo_bin("mediagit").unwrap();
    |                            ^^^^^^^^^

warning: use of deprecated associated function `assert_cmd::Command::cargo_bin`: incompatible with a custom cargo build-dir, see instead `cargo::cargo_bin_cmd!`
   --> crates/mediagit-cli/tests/cmd_merge_tests.rs:254:28
    |
254 |     let mut cmd = Command::cargo_bin("mediagit").unwrap();
    |                            ^^^^^^^^^

warning: use of deprecated associated function `assert_cmd::Command::cargo_bin`: incompatible with a custom cargo build-dir, see instead `cargo::cargo_bin_cmd!`
   --> crates/mediagit-cli/tests/cmd_merge_tests.rs:269:28
    |
269 |     let mut cmd = Command::cargo_bin("mediagit").unwrap();
    |                            ^^^^^^^^^

warning: use of deprecated associated function `assert_cmd::Command::cargo_bin`: incompatible with a custom cargo build-dir, see instead `cargo::cargo_bin_cmd!`
  --> crates/mediagit-cli/tests/cmd_status_tests.rs:13:28
   |
13 |     let mut cmd = Command::cargo_bin("mediagit").unwrap();
   |                            ^^^^^^^^^
   |
   = note: `#[warn(deprecated)]` on by default

warning: use of deprecated associated function `assert_cmd::Command::cargo_bin`: incompatible with a custom cargo build-dir, see instead `cargo::cargo_bin_cmd!`
  --> crates/mediagit-cli/tests/cmd_status_tests.rs:25:28
   |
25 |     let mut cmd = Command::cargo_bin("mediagit").unwrap();
   |                            ^^^^^^^^^

warning: use of deprecated associated function `assert_cmd::Command::cargo_bin`: incompatible with a custom cargo build-dir, see instead `cargo::cargo_bin_cmd!`
  --> crates/mediagit-cli/tests/cmd_status_tests.rs:38:28
   |
38 |     let mut cmd = Command::cargo_bin("mediagit").unwrap();
   |                            ^^^^^^^^^

warning: use of deprecated associated function `assert_cmd::Command::cargo_bin`: incompatible with a custom cargo build-dir, see instead `cargo::cargo_bin_cmd!`
  --> crates/mediagit-cli/tests/cmd_status_tests.rs:51:28
   |
51 |     let mut cmd = Command::cargo_bin("mediagit").unwrap();
   |                            ^^^^^^^^^

warning: use of deprecated associated function `assert_cmd::Command::cargo_bin`: incompatible with a custom cargo build-dir, see instead `cargo::cargo_bin_cmd!`
  --> crates/mediagit-cli/tests/cmd_status_tests.rs:64:28
   |
64 |     let mut cmd = Command::cargo_bin("mediagit").unwrap();
   |                            ^^^^^^^^^

warning: use of deprecated associated function `assert_cmd::Command::cargo_bin`: incompatible with a custom cargo build-dir, see instead `cargo::cargo_bin_cmd!`
  --> crates/mediagit-cli/tests/cmd_status_tests.rs:77:28
   |
77 |     let mut cmd = Command::cargo_bin("mediagit").unwrap();
   |                            ^^^^^^^^^

warning: use of deprecated associated function `assert_cmd::Command::cargo_bin`: incompatible with a custom cargo build-dir, see instead `cargo::cargo_bin_cmd!`
  --> crates/mediagit-cli/tests/cmd_status_tests.rs:90:28
   |
90 |     let mut cmd = Command::cargo_bin("mediagit").unwrap();
   |                            ^^^^^^^^^

warning: use of deprecated associated function `assert_cmd::Command::cargo_bin`: incompatible with a custom cargo build-dir, see instead `cargo::cargo_bin_cmd!`
   --> crates/mediagit-cli/tests/cmd_status_tests.rs:103:28
    |
103 |     let mut cmd = Command::cargo_bin("mediagit").unwrap();
    |                            ^^^^^^^^^

warning: use of deprecated associated function `assert_cmd::Command::cargo_bin`: incompatible with a custom cargo build-dir, see instead `cargo::cargo_bin_cmd!`
   --> crates/mediagit-cli/tests/cmd_status_tests.rs:116:28
    |
116 |     let mut cmd = Command::cargo_bin("mediagit").unwrap();
    |                            ^^^^^^^^^

warning: use of deprecated associated function `assert_cmd::Command::cargo_bin`: incompatible with a custom cargo build-dir, see instead `cargo::cargo_bin_cmd!`
   --> crates/mediagit-cli/tests/cmd_status_tests.rs:129:28
    |
129 |     let mut cmd = Command::cargo_bin("mediagit").unwrap();
    |                            ^^^^^^^^^

warning: use of deprecated associated function `assert_cmd::Command::cargo_bin`: incompatible with a custom cargo build-dir, see instead `cargo::cargo_bin_cmd!`
   --> crates/mediagit-cli/tests/cmd_status_tests.rs:142:28
    |
142 |     let mut cmd = Command::cargo_bin("mediagit").unwrap();
    |                            ^^^^^^^^^

warning: use of deprecated associated function `assert_cmd::Command::cargo_bin`: incompatible with a custom cargo build-dir, see instead `cargo::cargo_bin_cmd!`
   --> crates/mediagit-cli/tests/cmd_status_tests.rs:152:28
    |
152 |     let mut cmd = Command::cargo_bin("mediagit").unwrap();
    |                            ^^^^^^^^^

warning: use of deprecated associated function `assert_cmd::Command::cargo_bin`: incompatible with a custom cargo build-dir, see instead `cargo::cargo_bin_cmd!`
   --> crates/mediagit-cli/tests/cmd_status_tests.rs:164:28
    |
164 |     let mut cmd = Command::cargo_bin("mediagit").unwrap();
    |                            ^^^^^^^^^

warning: use of deprecated associated function `assert_cmd::Command::cargo_bin`: incompatible with a custom cargo build-dir, see instead `cargo::cargo_bin_cmd!`
   --> crates/mediagit-cli/tests/cmd_status_tests.rs:182:28
    |
182 |     let mut cmd = Command::cargo_bin("mediagit").unwrap();
    |                            ^^^^^^^^^

warning: use of deprecated associated function `assert_cmd::Command::cargo_bin`: incompatible with a custom cargo build-dir, see instead `cargo::cargo_bin_cmd!`
   --> crates/mediagit-cli/tests/cmd_status_tests.rs:193:28
    |
193 |     let mut cmd = Command::cargo_bin("mediagit").unwrap();
    |                            ^^^^^^^^^

warning: use of deprecated associated function `assert_cmd::Command::cargo_bin`: incompatible with a custom cargo build-dir, see instead `cargo::cargo_bin_cmd!`
  --> crates/mediagit-cli/tests/cmd_commit_tests.rs:13:28
   |
13 |     let mut cmd = Command::cargo_bin("mediagit").unwrap();
   |                            ^^^^^^^^^
   |
   = note: `#[warn(deprecated)]` on by default

warning: use of deprecated associated function `assert_cmd::Command::cargo_bin`: incompatible with a custom cargo build-dir, see instead `cargo::cargo_bin_cmd!`
  --> crates/mediagit-cli/tests/cmd_commit_tests.rs:27:28
   |
27 |     let mut cmd = Command::cargo_bin("mediagit").unwrap();
   |                            ^^^^^^^^^

warning: use of deprecated associated function `assert_cmd::Command::cargo_bin`: incompatible with a custom cargo build-dir, see instead `cargo::cargo_bin_cmd!`
  --> crates/mediagit-cli/tests/cmd_commit_tests.rs:39:28
   |
39 |     let mut cmd = Command::cargo_bin("mediagit").unwrap();
   |                            ^^^^^^^^^

warning: use of deprecated associated function `assert_cmd::Command::cargo_bin`: incompatible with a custom cargo build-dir, see instead `cargo::cargo_bin_cmd!`
  --> crates/mediagit-cli/tests/cmd_commit_tests.rs:55:28
   |
55 |     let mut cmd = Command::cargo_bin("mediagit").unwrap();
   |                            ^^^^^^^^^

warning: use of deprecated associated function `assert_cmd::Command::cargo_bin`: incompatible with a custom cargo build-dir, see instead `cargo::cargo_bin_cmd!`
  --> crates/mediagit-cli/tests/cmd_commit_tests.rs:68:28
   |
68 |     let mut cmd = Command::cargo_bin("mediagit").unwrap();
   |                            ^^^^^^^^^

warning: use of deprecated associated function `assert_cmd::Command::cargo_bin`: incompatible with a custom cargo build-dir, see instead `cargo::cargo_bin_cmd!`
  --> crates/mediagit-cli/tests/cmd_commit_tests.rs:83:28
   |
83 |     let mut cmd = Command::cargo_bin("mediagit").unwrap();
   |                            ^^^^^^^^^

warning: use of deprecated associated function `assert_cmd::Command::cargo_bin`: incompatible with a custom cargo build-dir, see instead `cargo::cargo_bin_cmd!`
  --> crates/mediagit-cli/tests/cmd_commit_tests.rs:98:28
   |
98 |     let mut cmd = Command::cargo_bin("mediagit").unwrap();
   |                            ^^^^^^^^^

warning: use of deprecated associated function `assert_cmd::Command::cargo_bin`: incompatible with a custom cargo build-dir, see instead `cargo::cargo_bin_cmd!`
   --> crates/mediagit-cli/tests/cmd_commit_tests.rs:114:28
    |
114 |     let mut cmd = Command::cargo_bin("mediagit").unwrap();
    |                            ^^^^^^^^^

warning: use of deprecated associated function `assert_cmd::Command::cargo_bin`: incompatible with a custom cargo build-dir, see instead `cargo::cargo_bin_cmd!`
   --> crates/mediagit-cli/tests/cmd_commit_tests.rs:130:28
    |
130 |     let mut cmd = Command::cargo_bin("mediagit").unwrap();
    |                            ^^^^^^^^^

warning: use of deprecated associated function `assert_cmd::Command::cargo_bin`: incompatible with a custom cargo build-dir, see instead `cargo::cargo_bin_cmd!`
   --> crates/mediagit-cli/tests/cmd_commit_tests.rs:145:28
    |
145 |     let mut cmd = Command::cargo_bin("mediagit").unwrap();
    |                            ^^^^^^^^^

warning: use of deprecated associated function `assert_cmd::Command::cargo_bin`: incompatible with a custom cargo build-dir, see instead `cargo::cargo_bin_cmd!`
   --> crates/mediagit-cli/tests/cmd_commit_tests.rs:160:28
    |
160 |     let mut cmd = Command::cargo_bin("mediagit").unwrap();
    |                            ^^^^^^^^^

warning: use of deprecated associated function `assert_cmd::Command::cargo_bin`: incompatible with a custom cargo build-dir, see instead `cargo::cargo_bin_cmd!`
   --> crates/mediagit-cli/tests/cmd_commit_tests.rs:175:28
    |
175 |     let mut cmd = Command::cargo_bin("mediagit").unwrap();
    |                            ^^^^^^^^^

warning: use of deprecated associated function `assert_cmd::Command::cargo_bin`: incompatible with a custom cargo build-dir, see instead `cargo::cargo_bin_cmd!`
   --> crates/mediagit-cli/tests/cmd_commit_tests.rs:190:28
    |
190 |     let mut cmd = Command::cargo_bin("mediagit").unwrap();
    |                            ^^^^^^^^^

warning: use of deprecated associated function `assert_cmd::Command::cargo_bin`: incompatible with a custom cargo build-dir, see instead `cargo::cargo_bin_cmd!`
   --> crates/mediagit-cli/tests/cmd_commit_tests.rs:205:28
    |
205 |     let mut cmd = Command::cargo_bin("mediagit").unwrap();
    |                            ^^^^^^^^^

warning: use of deprecated associated function `assert_cmd::Command::cargo_bin`: incompatible with a custom cargo build-dir, see instead `cargo::cargo_bin_cmd!`
   --> crates/mediagit-cli/tests/cmd_commit_tests.rs:218:28
    |
218 |     let mut cmd = Command::cargo_bin("mediagit").unwrap();
    |                            ^^^^^^^^^

warning: use of deprecated associated function `assert_cmd::Command::cargo_bin`: incompatible with a custom cargo build-dir, see instead `cargo::cargo_bin_cmd!`
   --> crates/mediagit-cli/tests/cmd_commit_tests.rs:231:28
    |
231 |     let mut cmd = Command::cargo_bin("mediagit").unwrap();
    |                            ^^^^^^^^^

warning: use of deprecated associated function `assert_cmd::Command::cargo_bin`: incompatible with a custom cargo build-dir, see instead `cargo::cargo_bin_cmd!`
   --> crates/mediagit-cli/tests/cmd_commit_tests.rs:244:28
    |
244 |     let mut cmd = Command::cargo_bin("mediagit").unwrap();
    |                            ^^^^^^^^^

warning: use of deprecated associated function `assert_cmd::Command::cargo_bin`: incompatible with a custom cargo build-dir, see instead `cargo::cargo_bin_cmd!`
   --> crates/mediagit-cli/tests/cmd_commit_tests.rs:258:28
    |
258 |     let mut cmd = Command::cargo_bin("mediagit").unwrap();
    |                            ^^^^^^^^^

warning: `mediagit-cli` (test "cmd_merge_tests") generated 19 warnings
warning: `mediagit-cli` (test "cmd_status_tests") generated 15 warnings
warning: `mediagit-cli` (test "cmd_commit_tests") generated 18 warnings
warning: use of deprecated associated function `assert_cmd::Command::cargo_bin`: incompatible with a custom cargo build-dir, see instead `cargo::cargo_bin_cmd!`
  --> crates/mediagit-cli/tests/cmd_branch_tests.rs:13:28
   |
13 |     let mut cmd = Command::cargo_bin("mediagit").unwrap();
   |                            ^^^^^^^^^
   |
   = note: `#[warn(deprecated)]` on by default

warning: use of deprecated associated function `assert_cmd::Command::cargo_bin`: incompatible with a custom cargo build-dir, see instead `cargo::cargo_bin_cmd!`
  --> crates/mediagit-cli/tests/cmd_branch_tests.rs:26:28
   |
26 |     let mut cmd = Command::cargo_bin("mediagit").unwrap();
   |                            ^^^^^^^^^

warning: use of deprecated associated function `assert_cmd::Command::cargo_bin`: incompatible with a custom cargo build-dir, see instead `cargo::cargo_bin_cmd!`
  --> crates/mediagit-cli/tests/cmd_branch_tests.rs:40:28
   |
40 |     let mut cmd = Command::cargo_bin("mediagit").unwrap();
   |                            ^^^^^^^^^

warning: use of deprecated associated function `assert_cmd::Command::cargo_bin`: incompatible with a custom cargo build-dir, see instead `cargo::cargo_bin_cmd!`
  --> crates/mediagit-cli/tests/cmd_branch_tests.rs:54:28
   |
54 |     let mut cmd = Command::cargo_bin("mediagit").unwrap();
   |                            ^^^^^^^^^

warning: use of deprecated associated function `assert_cmd::Command::cargo_bin`: incompatible with a custom cargo build-dir, see instead `cargo::cargo_bin_cmd!`
  --> crates/mediagit-cli/tests/cmd_branch_tests.rs:68:28
   |
68 |     let mut cmd = Command::cargo_bin("mediagit").unwrap();
   |                            ^^^^^^^^^

warning: use of deprecated associated function `assert_cmd::Command::cargo_bin`: incompatible with a custom cargo build-dir, see instead `cargo::cargo_bin_cmd!`
  --> crates/mediagit-cli/tests/cmd_branch_tests.rs:84:28
   |
84 |     let mut cmd = Command::cargo_bin("mediagit").unwrap();
   |                            ^^^^^^^^^

warning: use of deprecated associated function `assert_cmd::Command::cargo_bin`: incompatible with a custom cargo build-dir, see instead `cargo::cargo_bin_cmd!`
  --> crates/mediagit-cli/tests/cmd_branch_tests.rs:98:28
   |
98 |     let mut cmd = Command::cargo_bin("mediagit").unwrap();
   |                            ^^^^^^^^^

warning: use of deprecated associated function `assert_cmd::Command::cargo_bin`: incompatible with a custom cargo build-dir, see instead `cargo::cargo_bin_cmd!`
   --> crates/mediagit-cli/tests/cmd_branch_tests.rs:113:28
    |
113 |     let mut cmd = Command::cargo_bin("mediagit").unwrap();
    |                            ^^^^^^^^^

warning: use of deprecated associated function `assert_cmd::Command::cargo_bin`: incompatible with a custom cargo build-dir, see instead `cargo::cargo_bin_cmd!`
   --> crates/mediagit-cli/tests/cmd_branch_tests.rs:129:28
    |
129 |     let mut cmd = Command::cargo_bin("mediagit").unwrap();
    |                            ^^^^^^^^^

warning: use of deprecated associated function `assert_cmd::Command::cargo_bin`: incompatible with a custom cargo build-dir, see instead `cargo::cargo_bin_cmd!`
   --> crates/mediagit-cli/tests/cmd_branch_tests.rs:144:28
    |
144 |     let mut cmd = Command::cargo_bin("mediagit").unwrap();
    |                            ^^^^^^^^^

warning: use of deprecated associated function `assert_cmd::Command::cargo_bin`: incompatible with a custom cargo build-dir, see instead `cargo::cargo_bin_cmd!`
   --> crates/mediagit-cli/tests/cmd_branch_tests.rs:158:28
    |
158 |     let mut cmd = Command::cargo_bin("mediagit").unwrap();
    |                            ^^^^^^^^^

warning: use of deprecated associated function `assert_cmd::Command::cargo_bin`: incompatible with a custom cargo build-dir, see instead `cargo::cargo_bin_cmd!`
   --> crates/mediagit-cli/tests/cmd_branch_tests.rs:172:28
    |
172 |     let mut cmd = Command::cargo_bin("mediagit").unwrap();
    |                            ^^^^^^^^^

warning: use of deprecated associated function `assert_cmd::Command::cargo_bin`: incompatible with a custom cargo build-dir, see instead `cargo::cargo_bin_cmd!`
   --> crates/mediagit-cli/tests/cmd_branch_tests.rs:187:28
    |
187 |     let mut cmd = Command::cargo_bin("mediagit").unwrap();
    |                            ^^^^^^^^^

warning: use of deprecated associated function `assert_cmd::Command::cargo_bin`: incompatible with a custom cargo build-dir, see instead `cargo::cargo_bin_cmd!`
   --> crates/mediagit-cli/tests/cmd_branch_tests.rs:202:28
    |
202 |     let mut cmd = Command::cargo_bin("mediagit").unwrap();
    |                            ^^^^^^^^^

warning: use of deprecated associated function `assert_cmd::Command::cargo_bin`: incompatible with a custom cargo build-dir, see instead `cargo::cargo_bin_cmd!`
   --> crates/mediagit-cli/tests/cmd_branch_tests.rs:217:28
    |
217 |     let mut cmd = Command::cargo_bin("mediagit").unwrap();
    |                            ^^^^^^^^^

warning: use of deprecated associated function `assert_cmd::Command::cargo_bin`: incompatible with a custom cargo build-dir, see instead `cargo::cargo_bin_cmd!`
   --> crates/mediagit-cli/tests/cmd_branch_tests.rs:231:28
    |
231 |     let mut cmd = Command::cargo_bin("mediagit").unwrap();
    |                            ^^^^^^^^^

warning: use of deprecated associated function `assert_cmd::Command::cargo_bin`: incompatible with a custom cargo build-dir, see instead `cargo::cargo_bin_cmd!`
   --> crates/mediagit-cli/tests/cmd_branch_tests.rs:246:28
    |
246 |     let mut cmd = Command::cargo_bin("mediagit").unwrap();
    |                            ^^^^^^^^^

warning: use of deprecated associated function `assert_cmd::Command::cargo_bin`: incompatible with a custom cargo build-dir, see instead `cargo::cargo_bin_cmd!`
   --> crates/mediagit-cli/tests/cmd_branch_tests.rs:262:28
    |
262 |     let mut cmd = Command::cargo_bin("mediagit").unwrap();
    |                            ^^^^^^^^^

warning: use of deprecated associated function `assert_cmd::Command::cargo_bin`: incompatible with a custom cargo build-dir, see instead `cargo::cargo_bin_cmd!`
   --> crates/mediagit-cli/tests/cmd_branch_tests.rs:277:28
    |
277 |     let mut cmd = Command::cargo_bin("mediagit").unwrap();
    |                            ^^^^^^^^^

warning: use of deprecated associated function `assert_cmd::Command::cargo_bin`: incompatible with a custom cargo build-dir, see instead `cargo::cargo_bin_cmd!`
   --> crates/mediagit-cli/tests/cmd_branch_tests.rs:291:28
    |
291 |     let mut cmd = Command::cargo_bin("mediagit").unwrap();
    |                            ^^^^^^^^^

warning: use of deprecated associated function `assert_cmd::Command::cargo_bin`: incompatible with a custom cargo build-dir, see instead `cargo::cargo_bin_cmd!`
   --> crates/mediagit-cli/tests/cmd_branch_tests.rs:305:28
    |
305 |     let mut cmd = Command::cargo_bin("mediagit").unwrap();
    |                            ^^^^^^^^^

warning: use of deprecated associated function `assert_cmd::Command::cargo_bin`: incompatible with a custom cargo build-dir, see instead `cargo::cargo_bin_cmd!`
   --> crates/mediagit-cli/tests/cmd_branch_tests.rs:320:28
    |
320 |     let mut cmd = Command::cargo_bin("mediagit").unwrap();
    |                            ^^^^^^^^^

warning: use of deprecated associated function `assert_cmd::Command::cargo_bin`: incompatible with a custom cargo build-dir, see instead `cargo::cargo_bin_cmd!`
   --> crates/mediagit-cli/tests/cmd_branch_tests.rs:336:28
    |
336 |     let mut cmd = Command::cargo_bin("mediagit").unwrap();
    |                            ^^^^^^^^^

warning: use of deprecated associated function `assert_cmd::Command::cargo_bin`: incompatible with a custom cargo build-dir, see instead `cargo::cargo_bin_cmd!`
   --> crates/mediagit-cli/tests/cmd_branch_tests.rs:350:28
    |
350 |     let mut cmd = Command::cargo_bin("mediagit").unwrap();
    |                            ^^^^^^^^^

warning: use of deprecated associated function `assert_cmd::Command::cargo_bin`: incompatible with a custom cargo build-dir, see instead `cargo::cargo_bin_cmd!`
   --> crates/mediagit-cli/tests/cmd_branch_tests.rs:365:28
    |
365 |     let mut cmd = Command::cargo_bin("mediagit").unwrap();
    |                            ^^^^^^^^^

warning: use of deprecated associated function `assert_cmd::Command::cargo_bin`: incompatible with a custom cargo build-dir, see instead `cargo::cargo_bin_cmd!`
   --> crates/mediagit-cli/tests/cmd_branch_tests.rs:381:28
    |
381 |     let mut cmd = Command::cargo_bin("mediagit").unwrap();
    |                            ^^^^^^^^^

warning: use of deprecated associated function `assert_cmd::Command::cargo_bin`: incompatible with a custom cargo build-dir, see instead `cargo::cargo_bin_cmd!`
   --> crates/mediagit-cli/tests/cmd_branch_tests.rs:394:28
    |
394 |     let mut cmd = Command::cargo_bin("mediagit").unwrap();
    |                            ^^^^^^^^^

warning: use of deprecated associated function `assert_cmd::Command::cargo_bin`: incompatible with a custom cargo build-dir, see instead `cargo::cargo_bin_cmd!`
   --> crates/mediagit-cli/tests/cmd_branch_tests.rs:408:28
    |
408 |     let mut cmd = Command::cargo_bin("mediagit").unwrap();
    |                            ^^^^^^^^^

warning: use of deprecated associated function `assert_cmd::Command::cargo_bin`: incompatible with a custom cargo build-dir, see instead `cargo::cargo_bin_cmd!`
   --> crates/mediagit-cli/tests/cmd_branch_tests.rs:423:28
    |
423 |     let mut cmd = Command::cargo_bin("mediagit").unwrap();
    |                            ^^^^^^^^^

warning: use of deprecated associated function `assert_cmd::Command::cargo_bin`: incompatible with a custom cargo build-dir, see instead `cargo::cargo_bin_cmd!`
   --> crates/mediagit-cli/tests/cmd_branch_tests.rs:437:28
    |
437 |     let mut cmd = Command::cargo_bin("mediagit").unwrap();
    |                            ^^^^^^^^^

warning: use of deprecated associated function `assert_cmd::Command::cargo_bin`: incompatible with a custom cargo build-dir, see instead `cargo::cargo_bin_cmd!`
   --> crates/mediagit-cli/tests/cmd_branch_tests.rs:451:28
    |
451 |     let mut cmd = Command::cargo_bin("mediagit").unwrap();
    |                            ^^^^^^^^^

warning: unused variable: `server_storage`
   --> crates/mediagit-server/tests/e2e_push_pull.rs:121:9
    |
121 |     let server_storage: Arc<dyn StorageBackend> = Arc::new(LocalBackend::new(server_repo.clone()).await.unwrap());
    |         ^^^^^^^^^^^^^^ help: if this is intentional, prefix it with an underscore: `_server_storage`
    |
    = note: `#[warn(unused_variables)]` (part of `#[warn(unused)]`) on by default

warning: `mediagit-cli` (test "cmd_branch_tests") generated 31 warnings
warning: `mediagit-server` (test "e2e_push_pull") generated 1 warning
warning: unused import: `Oid`
  --> crates/mediagit-server/tests/e2e_backends_test.rs:40:55
   |
40 | use mediagit_versioning::{ObjectDatabase, ObjectType, Oid, PackWriter, Ref, RefDatabase};
   |                                                       ^^^
   |
   = note: `#[warn(unused_imports)]` (part of `#[warn(unused)]`) on by default

warning: field `shutdown_tx` is never read
  --> crates/mediagit-server/tests/e2e_backends_test.rs:54:5
   |
51 | struct TestServer {
   |        ---------- field in this struct
...
54 |     shutdown_tx: tokio::sync::oneshot::Sender<()>,
   |     ^^^^^^^^^^^
   |
   = note: `#[warn(dead_code)]` (part of `#[warn(unused)]`) on by default

warning: associated functions `new_minio` and `new_azurite` are never used
  --> crates/mediagit-server/tests/e2e_backends_test.rs:69:14
   |
57 | impl TestServer {
   | --------------- associated functions in this implementation
...
69 |     async fn new_minio() -> Self {
   |              ^^^^^^^^^
...
79 |     async fn new_azurite() -> Self {
   |              ^^^^^^^^^^^

warning: `mediagit-server` (test "e2e_backends_test") generated 3 warnings (run `cargo fix --test "e2e_backends_test"` to apply 1 suggestion)
warning: variable does not need to be mutable
   --> crates/mediagit-media/src/vfx.rs:574:13
    |
574 |         let mut data = b"<?xml version=\"1.0\"?>".to_vec();
    |             ----^^^^
    |             |
    |             help: remove this `mut`
    |
    = note: `#[warn(unused_mut)]` (part of `#[warn(unused)]`) on by default

warning: unused variable: `api_key`
   --> crates/mediagit-security/src/auth/apikey.rs:175:29
    |
175 |         let (plaintext_key, api_key) = api_key_auth
    |                             ^^^^^^^ help: if this is intentional, prefix it with an underscore: `_api_key`
    |
    = note: `#[warn(unused_variables)]` (part of `#[warn(unused)]`) on by default

warning: `mediagit-media` (lib test) generated 1 warning (run `cargo fix --lib -p mediagit-media --tests` to apply 1 suggestion)
warning: `mediagit-security` (lib test) generated 1 warning
warning: unused variable: `commit_e`
   --> crates/mediagit-versioning/tests/lca_tests.rs:130:9
    |
130 |     let commit_e = create_test_commit(&odb, "E", vec![commit_c.clone(), commit_d.clone()]).await;
    |         ^^^^^^^^ help: if this is intentional, prefix it with an underscore: `_commit_e`
    |
    = note: `#[warn(unused_variables)]` (part of `#[warn(unused)]`) on by default

warning: `mediagit-versioning` (test "lca_tests") generated 1 warning
warning: unused import: `mediagit_storage::gcs::GcsConfig`
   --> crates/mediagit-storage/tests/gcs_integration_tests.rs:216:5
    |
216 | use mediagit_storage::gcs::GcsConfig;
    |     ^^^^^^^^^^^^^^^^^^^^^^^^^^^^^^^^
    |
    = note: `#[warn(unused_imports)]` (part of `#[warn(unused)]`) on by default

warning: unused return value of `std::hint::must_use` that must be used
   --> crates/mediagit-storage/src/s3.rs:792:9
    |
792 |         format!("{:?}", config);
    |         ^^^^^^^^^^^^^^^^^^^^^^^
    |
    = note: `#[warn(unused_must_use)]` (part of `#[warn(unused)]`) on by default
help: use `let _ = ...` to ignore the resulting value
    |
792 |         let _ = format!("{:?}", config);
    |         +++++++

warning: `mediagit-storage` (test "gcs_integration_tests") generated 1 warning (run `cargo fix --test "gcs_integration_tests"` to apply 1 suggestion)
warning: `mediagit-storage` (lib test) generated 1 warning
    Finished `test` profile [unoptimized + debuginfo] target(s) in 35.50s
     Running unittests src/main.rs (target/debug/deps/mediagit-270982ea90b7e443)

running 15 tests
test commands::remote::tests::test_validate_url_valid_protocols ... ok
test commands::remote::tests::test_validate_url_no_host ... ok
test commands::remote::tests::test_validate_url_valid_http ... ok
test commands::remote::tests::test_validate_url_invalid ... ok
test commands::tag::tests::test_delete_tag ... ok
test commands::tag::tests::test_create_lightweight_tag ... ok
test commands::tag::tests::test_tag_name_validation ... ok
test commands::tag::tests::test_force_tag_creation ... ok
test commands::tag::tests::test_version_sorting ... ok
test output::tests::test_output_functions_compile ... ok
test commands::tag::tests::test_list_tags ... ok
test commands::tag::tests::test_verify_tag ... ok
test commands::tag::tests::test_show_tag ... ok
test commands::tag::tests::test_list_tags_with_pattern ... ok
test commands::tag::tests::test_create_annotated_tag ... ok

test result: ok. 15 passed; 0 failed; 0 ignored; 0 measured; 0 filtered out; finished in 0.08s

     Running tests/cli_command_tests.rs (target/debug/deps/cli_command_tests-f00ab6a1fc045621)

running 35 tests
test test_add_requires_init ... FAILED
test test_add_directory ... ok
test test_add_file_success ... ok
test test_add_nonexistent_file ... FAILED
test test_branch_create ... FAILED
test test_add_multiple_files ... ok
test test_branch_create_invalid_name ... FAILED
test test_cli_help ... FAILED
test test_cli_no_args ... FAILED
test test_branch_delete ... FAILED
test test_cli_version ... ok
test test_branch_list ... ok
test test_branch_switch ... FAILED
test test_commit_requires_init ... ok
test test_commit_nothing_to_commit ... FAILED
test test_help_for_subcommand ... ok
test test_commit_requires_message ... ok
test test_diff_no_changes ... FAILED
test test_fsck_clean_repo ... ok
test test_init_creates_repository ... ok
test test_commit_success ... ok
test test_init_with_custom_path ... ok
test test_init_already_initialized ... ok
test test_invalid_command ... ok
test test_invalid_flag ... ok
test test_status_requires_init ... FAILED
test test_log_empty_repo ... FAILED
test test_status_colored_output ... ok
test test_stats ... ok
test test_status_clean_repo ... ok
test test_status_no_color ... FAILED
test test_status_shows_untracked ... ok
test test_verify_clean_repo ... FAILED
test test_workflow_init_add_commit ... ok
test test_workflow_branch_create_switch ... ok

failures:

---- test_add_requires_init stdout ----

thread 'test_add_requires_init' (86213) panicked at /home/aswin/.rustup/toolchains/stable-x86_64-unknown-linux-gnu/lib/rustlib/src/rust/library/core/src/ops/function.rs:250:5:
Unexpected stderr, failed var.contains(not a mediagit repository)
â”œâ”€â”€ var: âŒ Error: Not a mediagit repository
â””â”€â”€ var as str: âŒ Error: Not a mediagit repository

command=`cd "/tmp/.tmpli26Lr" && "/mnt/d/own/saas/mediagit-core/target/debug/mediagit" "add" "file.txt"`
code=1
stdout=""
stderr="âŒ Error: Not a mediagit repository\n"

note: run with `RUST_BACKTRACE=1` environment variable to display a backtrace

---- test_add_nonexistent_file stdout ----

thread 'test_add_nonexistent_file' (86212) panicked at /home/aswin/.rustup/toolchains/stable-x86_64-unknown-linux-gnu/lib/rustlib/src/rust/library/core/src/ops/function.rs:250:5:
Unexpected success
command=`cd "/tmp/.tmppAWzuo" && "/mnt/d/own/saas/mediagit-core/target/debug/mediagit" "add" "nonexistent.txt"`
code=0
stdout=```
ğŸ”„ Staging files...
âš \u{fe0f} Path does not exist: nonexistent.txt
âœ… Staged 0 file(s)
```

stderr=```
  \x1b[2m2025-12-17T05:50:45.181113Z\x1b[0m \x1b[32m INFO\x1b[0m \x1b[1;32mmediagit_versioning::odb\x1b[0m\x1b[32m: \x1b[32mCreating ObjectDatabase with LRU cache, \x1b[1;32mcapacity\x1b[0m\x1b[32m: 1000, \x1b[1;32mcompression\x1b[0m\x1b[32m: \"zlib (Git-compatible)\"\x1b[0m
    \x1b[2;3mat\x1b[0m crates/mediagit-versioning/src/odb.rs:107 \x1b[2;3mon\x1b[0m main

```



---- test_branch_create stdout ----

thread 'test_branch_create' (86214) panicked at /home/aswin/.rustup/toolchains/stable-x86_64-unknown-linux-gnu/lib/rustlib/src/rust/library/core/src/ops/function.rs:250:5:
Unexpected failure.
code=1
stderr=```"âŒ Error: HEAD has no commit yet\n"```
command=`cd "/tmp/.tmprJ8Fdm" && "/mnt/d/own/saas/mediagit-core/target/debug/mediagit" "branch" "create" "feature-branch"`
code=1
stdout=""
stderr="âŒ Error: HEAD has no commit yet\n"


---- test_branch_create_invalid_name stdout ----

thread 'test_branch_create_invalid_name' (86275) panicked at /home/aswin/.rustup/toolchains/stable-x86_64-unknown-linux-gnu/lib/rustlib/src/rust/library/core/src/ops/function.rs:250:5:
Unexpected stderr, failed (var.contains(invalid) || var.contains(branch name))
â”œâ”€â”€ var as str: âŒ Error: HEAD has no commit yet
â”œâ”€â”€ var.contains(invalid)
â”‚   â””â”€â”€ var: âŒ Error: HEAD has no commit yet
â””â”€â”€ var.contains(branch name)
    â””â”€â”€ var: âŒ Error: HEAD has no commit yet

command=`cd "/tmp/.tmpeIwdf5" && "/mnt/d/own/saas/mediagit-core/target/debug/mediagit" "branch" "create" "invalid name with spaces"`
code=1
stdout=""
stderr="âŒ Error: HEAD has no commit yet\n"


---- test_cli_help stdout ----

thread 'test_cli_help' (86350) panicked at /home/aswin/.rustup/toolchains/stable-x86_64-unknown-linux-gnu/lib/rustlib/src/rust/library/core/src/ops/function.rs:250:5:
Unexpected stdout, failed var.contains(USAGE)
â”œâ”€â”€ var: MediaGit is a specialized version control system designed for media files.
â”‚   It optimizes storage for large media assets while maintaining full Git-like workflow compatibility.
â”‚   
â”‚   Usage: mediagit [OPTIONS] [COMMAND]
â”‚   
â”‚   Commands:
â”‚     init         Initialize a new MediaGit repository
â”‚     add          Stage file contents for commit
â”‚     commit       Record changes to the repository
â”‚     push         Update remote references
â”‚     pull         Fetch and integrate remote changes
â”‚     remote       Manage remote repositories
â”‚     branch       Manage branches
â”‚     tag          Manage tags
â”‚     merge        Merge branches
â”‚     rebase       Rebase commits
â”‚     cherry-pick  Apply changes from existing commits
â”‚     stash        Stash changes in working directory
â”‚     bisect       Find commit that introduced a bug using binary search
â”‚     log          Show commit history
â”‚     diff         Show changes between commits
â”‚     show         Show object information
â”‚     status       Show working tree status
â”‚     gc           Clean up repository and optimize storage
â”‚     fsck         Check repository integrity
â”‚     verify       Verify commits and signatures
â”‚     stats        Show repository statistics
â”‚     filter       Git filter driver operations (clean/smudge)
â”‚     install      Install MediaGit filter driver
â”‚     track        Track patterns with MediaGit
â”‚     untrack      Untrack patterns
â”‚     version      Show version information
â”‚     completions  Generate shell completions
â”‚     help         Print this message or the help of the given subcommand(s)
â”‚   
â”‚   Options:
â”‚     -v, --verbose
â”‚             Enable verbose output
â”‚   
â”‚     -q, --quiet
â”‚             Suppress output
â”‚   
â”‚         --color <WHEN>
â”‚             Colored output (always|auto|never)
â”‚             
â”‚             [default: auto]
â”‚   
â”‚     -C, --repository <PATH>
â”‚             Repository path
â”‚   
â”‚     -h, --help
â”‚             Print help (see a summary with '-h')
â”‚   
â”‚     -V, --version
â”‚             Print version
â””â”€â”€ var as str: MediaGit is a specialized version control system designed for media files.
    It optimizes storage for large media assets while maintaining full Git-like workflow compatibility.
    
    Usage: mediagit [OPTIONS] [COMMAND]
    
    Commands:
      init         Initialize a new MediaGit repository
      add          Stage file contents for commit
      commit       Record changes to the repository
      push         Update remote references
      pull         Fetch and integrate remote changes
      remote       Manage remote repositories
      branch       Manage branches
      tag          Manage tags
      merge        Merge branches
      rebase       Rebase commits
      cherry-pick  Apply changes from existing commits
      stash        Stash changes in working directory
      bisect       Find commit that introduced a bug using binary search
      log          Show commit history
      diff         Show changes between commits
      show         Show object information
      status       Show working tree status
      gc           Clean up repository and optimize storage
      fsck         Check repository integrity
      verify       Verify commits and signatures
      stats        Show repository statistics
      filter       Git filter driver operations (clean/smudge)
      install      Install MediaGit filter driver
      track        Track patterns with MediaGit
      untrack      Untrack patterns
      version      Show version information
      completions  Generate shell completions
      help         Print this message or the help of the given subcommand(s)
    
    Options:
      -v, --verbose
              Enable verbose output
    
      -q, --quiet
              Suppress output
    
          --color <WHEN>
              Colored output (always|auto|never)
              
              [default: auto]
    
      -C, --repository <PATH>
              Repository path
    
      -h, --help
              Print help (see a summary with '-h')
    
      -V, --version
              Print version

command=`"/mnt/d/own/saas/mediagit-core/target/debug/mediagit" "--help"`
code=0
stdout=```
MediaGit is a specialized version control system designed for media files.
It optimizes storage for large media assets while maintaining full Git-like workflow compatibility.

Usage: mediagit [OPTIONS] [COMMAND]

Commands:
  init         Initialize a new MediaGit repository
  add          Stage file contents for commit
  commit       Record changes to the repository
  push         Update remote references
  pull         Fetch and integrate remote changes
  remote       Manage remote repositories
  branch       Manage branches
  tag          Manage tags
  merge        Merge branches
  rebase       Rebase commits
  cherry-pick  Apply changes from existing commits
  stash        Stash changes in working directory
  bisect       Find commit that introduced a bug using binary search
  log          Show commit history
  diff         Show changes between commits
  show         Show object information
  status       Show working tree status
  gc           Clean up repository and optimize storage
  fsck         Check repository integrity
  verify       Verify commits and signatures
  stats        Show repository statistics
  filter       Git filter driver operations (clean/smudge)
  install      Install MediaGit filter driver
  track        Track patterns with MediaGit
  untrack      Untrack patterns
  version      Show version information
  completions  Generate shell completions
  help         Print this message or the help of the given subcommand(s)

Options:
  -v, --verbose
          Enable verbose output

  -q, --quiet
          Suppress output

      --color <WHEN>
          Colored output (always|auto|never)
          
          [default: auto]

  -C, --repository <PATH>
          Repository path

  -h, --help
          Print help (see a summary with \'-h\')

  -V, --version
          Print version
```

stderr=""


---- test_cli_no_args stdout ----

thread 'test_cli_no_args' (86361) panicked at /home/aswin/.rustup/toolchains/stable-x86_64-unknown-linux-gnu/lib/rustlib/src/rust/library/core/src/ops/function.rs:250:5:
Unexpected success
command=`"/mnt/d/own/saas/mediagit-core/target/debug/mediagit"`
code=0
stdout=```
ğŸ¬ MediaGit - Git for Media Files

Usage: mediagit [OPTIONS] <COMMAND>

Available commands:
  init         Initialize a new MediaGit repository
  add          Stage file contents for commit
  commit       Record changes to the repository
  push         Update remote references
  pull         Fetch and integrate remote changes
  remote       Manage remote repositories
  branch       Manage branches
  tag          Manage tags
  merge        Merge branches
  rebase       Rebase commits
  cherry-pick  Apply changes from existing commits
  stash        Stash changes in working directory
  bisect       Find commit that introduced a bug using binary search
  log          Show commit history
  diff         Show changes between commits
  show         Show object information
  status       Show working tree status
  gc           Clean up repository
  fsck         Check repository integrity
  verify       Verify commits and signatures
  stats        Show repository statistics

Git Integration:
  filter       Git filter driver operations (clean/smudge)
  install      Install MediaGit filter driver
  track        Track file patterns with MediaGit
  untrack      Untrack file patterns

Run \'mediagit <COMMAND> --help\' for command-specific help
```

stderr=""


---- test_branch_delete stdout ----

thread 'test_branch_delete' (86325) panicked at /home/aswin/.rustup/toolchains/stable-x86_64-unknown-linux-gnu/lib/rustlib/src/rust/library/core/src/ops/function.rs:250:5:
Unexpected failure.
code=1
stderr=```"âŒ Error: HEAD has no commit yet\n"```
command=`cd "/tmp/.tmpJBbICC" && "/mnt/d/own/saas/mediagit-core/target/debug/mediagit" "branch" "create" "temp-branch"`
code=1
stdout=""
stderr="âŒ Error: HEAD has no commit yet\n"


---- test_branch_switch stdout ----

thread 'test_branch_switch' (86339) panicked at /home/aswin/.rustup/toolchains/stable-x86_64-unknown-linux-gnu/lib/rustlib/src/rust/library/core/src/ops/function.rs:250:5:
Unexpected failure.
code=1
stderr=```"âŒ Error: HEAD has no commit yet\n"```
command=`cd "/tmp/.tmpFdvAdx" && "/mnt/d/own/saas/mediagit-core/target/debug/mediagit" "branch" "create" "new-branch"`
code=1
stdout=""
stderr="âŒ Error: HEAD has no commit yet\n"


---- test_commit_nothing_to_commit stdout ----

thread 'test_commit_nothing_to_commit' (86410) panicked at /home/aswin/.rustup/toolchains/stable-x86_64-unknown-linux-gnu/lib/rustlib/src/rust/library/core/src/ops/function.rs:250:5:
Unexpected success
command=`cd "/tmp/.tmpkIoFXa" && "/mnt/d/own/saas/mediagit-core/target/debug/mediagit" "commit" "-m" "test"`
code=0
stdout=```
ğŸ”„ Creating commit...
âš \u{fe0f} No changes staged for commit
â„¹\u{fe0f} Use \"mediagit add <file>...\" to stage changes
â„¹\u{fe0f} Use \"mediagit commit --allow-empty\" to create an empty commit
```

stderr=```
  \x1b[2m2025-12-17T05:50:45.928712Z\x1b[0m \x1b[32m INFO\x1b[0m \x1b[1;32mmediagit_versioning::odb\x1b[0m\x1b[32m: \x1b[32mCreating ObjectDatabase with LRU cache, \x1b[1;32mcapacity\x1b[0m\x1b[32m: 1000, \x1b[1;32mcompression\x1b[0m\x1b[32m: \"zlib (Git-compatible)\"\x1b[0m
    \x1b[2;3mat\x1b[0m crates/mediagit-versioning/src/odb.rs:107 \x1b[2;3mon\x1b[0m main

```



---- test_diff_no_changes stdout ----

thread 'test_diff_no_changes' (86461) panicked at /home/aswin/.rustup/toolchains/stable-x86_64-unknown-linux-gnu/lib/rustlib/src/rust/library/core/src/ops/function.rs:250:5:
Unexpected failure.
code=1
stderr=``````
  \x1b[2m2025-12-17T05:50:46.298779Z\x1b[0m \x1b[32m INFO\x1b[0m \x1b[1;32mmediagit_versioning::odb\x1b[0m\x1b[32m: \x1b[32mCreating ObjectDatabase with LRU cache, \x1b[1;32mcapacity\x1b[0m\x1b[32m: 1000, \x1b[1;32mcompression\x1b[0m\x1b[32m: \"zlib (Git-compatible)\"\x1b[0m
    \x1b[2;3mat\x1b[0m crates/mediagit-versioning/src/odb.rs:107 \x1b[2;3mon\x1b[0m main

âŒ Error: No commits yet
```
```
command=`cd "/tmp/.tmp9bnNzz" && "/mnt/d/own/saas/mediagit-core/target/debug/mediagit" "diff"`
code=1
stdout=""
stderr=```
  \x1b[2m2025-12-17T05:50:46.298779Z\x1b[0m \x1b[32m INFO\x1b[0m \x1b[1;32mmediagit_versioning::odb\x1b[0m\x1b[32m: \x1b[32mCreating ObjectDatabase with LRU cache, \x1b[1;32mcapacity\x1b[0m\x1b[32m: 1000, \x1b[1;32mcompression\x1b[0m\x1b[32m: \"zlib (Git-compatible)\"\x1b[0m
    \x1b[2;3mat\x1b[0m crates/mediagit-versioning/src/odb.rs:107 \x1b[2;3mon\x1b[0m main

âŒ Error: No commits yet
```



---- test_status_requires_init stdout ----

thread 'test_status_requires_init' (86686) panicked at /home/aswin/.rustup/toolchains/stable-x86_64-unknown-linux-gnu/lib/rustlib/src/rust/library/core/src/ops/function.rs:250:5:
Unexpected stderr, failed var.contains(not a mediagit repository)
â”œâ”€â”€ var: âŒ Error: Not a mediagit repository (or any parent up to mount point)
â””â”€â”€ var as str: âŒ Error: Not a mediagit repository (or any parent up to mount point)

command=`cd "/tmp/.tmp5hJx70" && "/mnt/d/own/saas/mediagit-core/target/debug/mediagit" "status"`
code=1
stdout=""
stderr="âŒ Error: Not a mediagit repository (or any parent up to mount point)\n"


---- test_log_empty_repo stdout ----

thread 'test_log_empty_repo' (86607) panicked at /home/aswin/.rustup/toolchains/stable-x86_64-unknown-linux-gnu/lib/rustlib/src/rust/library/core/src/ops/function.rs:250:5:
Unexpected stdout, failed (var.contains(no commits) || var.is_empty())
â”œâ”€â”€ var as str: No commits yet
â”œâ”€â”€ var.contains(no commits)
â”‚   â””â”€â”€ var: No commits yet
â””â”€â”€ var.is_empty()
    â””â”€â”€ var: No commits yet

command=`cd "/tmp/.tmpjQ3YO2" && "/mnt/d/own/saas/mediagit-core/target/debug/mediagit" "log"`
code=0
stdout="No commits yet\n"
stderr=```
  \x1b[2m2025-12-17T05:50:46.935289Z\x1b[0m \x1b[32m INFO\x1b[0m \x1b[1;32mmediagit_versioning::odb\x1b[0m\x1b[32m: \x1b[32mCreating ObjectDatabase with LRU cache, \x1b[1;32mcapacity\x1b[0m\x1b[32m: 1000, \x1b[1;32mcompression\x1b[0m\x1b[32m: \"zlib (Git-compatible)\"\x1b[0m
    \x1b[2;3mat\x1b[0m crates/mediagit-versioning/src/odb.rs:107 \x1b[2;3mon\x1b[0m main

```



---- test_status_no_color stdout ----

thread 'test_status_no_color' (86676) panicked at /home/aswin/.rustup/toolchains/stable-x86_64-unknown-linux-gnu/lib/rustlib/src/rust/library/core/src/ops/function.rs:250:5:
Unexpected failure.
code=2
stderr=``````
error: unexpected argument \'--no-color\' found

  tip: a similar argument exists: \'--color\'

Usage: mediagit status --color <WHEN>

For more information, try \'--help\'.
```
```
command=`cd "/tmp/.tmpZLJ0y2" && "/mnt/d/own/saas/mediagit-core/target/debug/mediagit" "status" "--no-color"`
code=2
stdout=""
stderr=```
error: unexpected argument \'--no-color\' found

  tip: a similar argument exists: \'--color\'

Usage: mediagit status --color <WHEN>

For more information, try \'--help\'.
```



---- test_verify_clean_repo stdout ----

thread 'test_verify_clean_repo' (86763) panicked at /home/aswin/.rustup/toolchains/stable-x86_64-unknown-linux-gnu/lib/rustlib/src/rust/library/core/src/ops/function.rs:250:5:
Unexpected stdout, failed (var.contains(OK) || var.contains(verified))
â”œâ”€â”€ var as str: âœ” Verifying repository integrity...
â”‚   âœ… All verifications passed
â”œâ”€â”€ var.contains(OK)
â”‚   â””â”€â”€ var: âœ” Verifying repository integrity...
â”‚       âœ… All verifications passed
â””â”€â”€ var.contains(verified)
    â””â”€â”€ var: âœ” Verifying repository integrity...
        âœ… All verifications passed

command=`cd "/tmp/.tmpGY10ct" && "/mnt/d/own/saas/mediagit-core/target/debug/mediagit" "verify"`
code=0
stdout=```
âœ” Verifying repository integrity...
âœ… All verifications passed
```

stderr=```
  \x1b[2m2025-12-17T05:50:47.586123Z\x1b[0m \x1b[32m INFO\x1b[0m \x1b[1;32mmediagit_versioning::fsck\x1b[0m\x1b[32m: \x1b[32mStarting FSCK integrity check\x1b[0m
    \x1b[2;3mat\x1b[0m crates/mediagit-versioning/src/fsck.rs:328 \x1b[2;3mon\x1b[0m main

  \x1b[2m2025-12-17T05:50:47.586179Z\x1b[0m \x1b[32m INFO\x1b[0m \x1b[1;32mmediagit_versioning::fsck\x1b[0m\x1b[32m: \x1b[32mChecking object integrity...\x1b[0m
    \x1b[2;3mat\x1b[0m crates/mediagit-versioning/src/fsck.rs:333 \x1b[2;3mon\x1b[0m main

  \x1b[2m2025-12-17T05:50:47.586450Z\x1b[0m \x1b[32m INFO\x1b[0m \x1b[1;32mmediagit_versioning::fsck\x1b[0m\x1b[32m: \x1b[32mFound 0 objects to check\x1b[0m
    \x1b[2;3mat\x1b[0m crates/mediagit-versioning/src/fsck.rs:375 \x1b[2;3mon\x1b[0m main

  \x1b[2m2025-12-17T05:50:47.586492Z\x1b[0m \x1b[32m INFO\x1b[0m \x1b[1;32mmediagit_versioning::fsck\x1b[0m\x1b[32m: \x1b[32mValidating references...\x1b[0m
    \x1b[2;3mat\x1b[0m crates/mediagit-versioning/src/fsck.rs:339 \x1b[2;3mon\x1b[0m main

  \x1b[2m2025-12-17T05:50:47.586705Z\x1b[0m \x1b[32m INFO\x1b[0m \x1b[1;32mmediagit_versioning::fsck\x1b[0m\x1b[32m: \x1b[32mFound 0 references to check\x1b[0m
    \x1b[2;3mat\x1b[0m crates/mediagit-versioning/src/fsck.rs:454 \x1b[2;3mon\x1b[0m main

  \x1b[2m2025-12-17T05:50:47.586739Z\x1b[0m \x1b[32m INFO\x1b[0m \x1b[1;32mmediagit_versioning::fsck\x1b[0m\x1b[32m: \x1b[32mFSCK check complete, \x1b[1;32mobjects_checked\x1b[0m\x1b[32m: 0, \x1b[1;32mrefs_checked\x1b[0m\x1b[32m: 0, \x1b[1;32missues\x1b[0m\x1b[32m: 0\x1b[0m
    \x1b[2;3mat\x1b[0m crates/mediagit-versioning/src/fsck.rs:355 \x1b[2;3mon\x1b[0m main

```




failures:
    test_add_nonexistent_file
    test_add_requires_init
    test_branch_create
    test_branch_create_invalid_name
    test_branch_delete
    test_branch_switch
    test_cli_help
    test_cli_no_args
    test_commit_nothing_to_commit
    test_diff_no_changes
    test_log_empty_repo
    test_status_no_color
    test_status_requires_init
    test_verify_clean_repo

test result: FAILED. 21 passed; 14 failed; 0 ignored; 0 measured; 0 filtered out; finished in 5.76s

error: test failed, to rerun pass `-p mediagit-cli --test cli_command_tests`
     Running tests/cli_integration.rs (target/debug/deps/cli_integration-038516cb29c9aa2c)

running 9 tests
test test_cli_binary_exists ... ok
test test_cli_invalid_command ... ok
test test_cli_push_pull_integration ... ignored, Requires remote command implementation
test test_cli_help_command ... ok
test test_cli_no_args ... ok
test test_cli_init_existing_directory ... ok
test test_cli_init_command ... ok
test test_cli_init_with_verbose ... ok
test test_cli_version_command ... ok

test result: ok. 8 passed; 0 failed; 1 ignored; 0 measured; 0 filtered out; finished in 0.66s

     Running tests/cmd_add_tests.rs (target/debug/deps/cmd_add_tests-7f1dedf219421573)

running 16 tests
test test_add_help_output ... FAILED
test test_add_directory ... FAILED
test test_add_dry_run ... FAILED
test test_add_force_flag ... FAILED
test test_add_glob_pattern ... FAILED
test test_add_all_flag ... FAILED
test test_add_missing_required_argument ... ok
test test_add_patch_mode ... FAILED
test test_add_ignore_removal_flag ... FAILED
test test_add_multiple_files ... FAILED
test test_add_quiet_mode ... FAILED
test test_add_nonexistent_file ... ok
test test_add_single_file ... FAILED
test test_add_update_flag ... FAILED
test test_add_verbose_mode ... FAILED
test test_add_with_special_characters_in_filename ... FAILED

failures:

---- test_add_help_output stdout ----

thread 'test_add_help_output' (87078) panicked at /home/aswin/.rustup/toolchains/stable-x86_64-unknown-linux-gnu/lib/rustlib/src/rust/library/core/src/ops/function.rs:250:5:
Unexpected stdout, failed var.contains(Add file contents to the staging area)
â”œâ”€â”€ var: Stage file contents for commit
â”‚   
â”‚   Usage: mediagit add [OPTIONS] <PATHS>...
â”‚   
â”‚   Arguments:
â”‚     <PATHS>...  Files or patterns to add
â”‚   
â”‚   Options:
â”‚     -A, --all                Add all changes
â”‚     -p, --patch              Interactively choose hunks to add
â”‚         --dry-run            Show what would be staged
â”‚     -f, --force              Force add even if listed in .gitignore
â”‚         --ignore-removal     Ignore removal of files in the index
â”‚     -u, --update             Update tracked files only
â”‚     -q, --quiet              Quiet mode
â”‚     -v, --verbose            Verbose mode
â”‚         --color <WHEN>       Colored output (always|auto|never) [default: auto]
â”‚     -C, --repository <PATH>  Repository path
â”‚     -h, --help               Print help
â”‚     -V, --version            Print version
â”‚   
â”‚   EXAMPLES:
â”‚       # Stage a single file
â”‚       mediagit add photo.psd
â”‚   
â”‚       # Stage multiple files
â”‚       mediagit add image1.jpg image2.png video.mp4
â”‚   
â”‚       # Stage all modified and new files
â”‚       mediagit add --all
â”‚   
â”‚       # Preview what would be staged
â”‚       mediagit add --dry-run *.psd
â”‚   
â”‚   SEE ALSO:
â”‚       mediagit-status(1), mediagit-commit(1), mediagit-reset(1)
â””â”€â”€ var as str: Stage file contents for commit
    
    Usage: mediagit add [OPTIONS] <PATHS>...
    
    Arguments:
      <PATHS>...  Files or patterns to add
    
    Options:
      -A, --all                Add all changes
      -p, --patch              Interactively choose hunks to add
          --dry-run            Show what would be staged
      -f, --force              Force add even if listed in .gitignore
          --ignore-removal     Ignore removal of files in the index
      -u, --update             Update tracked files only
      -q, --quiet              Quiet mode
      -v, --verbose            Verbose mode
          --color <WHEN>       Colored output (always|auto|never) [default: auto]
      -C, --repository <PATH>  Repository path
      -h, --help               Print help
      -V, --version            Print version
    
    EXAMPLES:
        # Stage a single file
        mediagit add photo.psd
    
        # Stage multiple files
        mediagit add image1.jpg image2.png video.mp4
    
        # Stage all modified and new files
        mediagit add --all
    
        # Preview what would be staged
        mediagit add --dry-run *.psd
    
    SEE ALSO:
        mediagit-status(1), mediagit-commit(1), mediagit-reset(1)

command=`"/mnt/d/own/saas/mediagit-core/target/debug/mediagit" "add" "--help"`
code=0
stdout=```
Stage file contents for commit

Usage: mediagit add [OPTIONS] <PATHS>...

Arguments:
  <PATHS>...  Files or patterns to add

Options:
  -A, --all                Add all changes
  -p, --patch              Interactively choose hunks to add
      --dry-run            Show what would be staged
  -f, --force              Force add even if listed in .gitignore
      --ignore-removal     Ignore removal of files in the index
  -u, --update             Update tracked files only
  -q, --quiet              Quiet mode
  -v, --verbose            Verbose mode
      --color <WHEN>       Colored output (always|auto|never) [default: auto]
  -C, --repository <PATH>  Repository path
  -h, --help               Print help
  -V, --version            Print version

EXAMPLES:
    # Stage a single file
    mediagit add photo.psd

    # Stage multiple files
    mediagit add image1.jpg image2.png video.mp4

    # Stage all modified and new files
    mediagit add --all

    # Preview what would be staged
    mediagit add --dry-run *.psd

SEE ALSO:
    mediagit-status(1), mediagit-commit(1), mediagit-reset(1)
```

stderr=""

note: run with `RUST_BACKTRACE=1` environment variable to display a backtrace

---- test_add_directory stdout ----

thread 'test_add_directory' (87074) panicked at /home/aswin/.rustup/toolchains/stable-x86_64-unknown-linux-gnu/lib/rustlib/src/rust/library/core/src/ops/function.rs:250:5:
Unexpected stderr, failed var.contains(not yet implemented)
â”œâ”€â”€ var: âŒ Error: Not a mediagit repository
â””â”€â”€ var as str: âŒ Error: Not a mediagit repository

command=`cd "/tmp/.tmp4Z9paC" && "/mnt/d/own/saas/mediagit-core/target/debug/mediagit" "add" "/tmp/.tmp4Z9paC/subdir"`
code=1
stdout=""
stderr="âŒ Error: Not a mediagit repository\n"


---- test_add_dry_run stdout ----

thread 'test_add_dry_run' (87075) panicked at /home/aswin/.rustup/toolchains/stable-x86_64-unknown-linux-gnu/lib/rustlib/src/rust/library/core/src/ops/function.rs:250:5:
Unexpected stderr, failed var.contains(not yet implemented)
â”œâ”€â”€ var: âŒ Error: Not a mediagit repository
â””â”€â”€ var as str: âŒ Error: Not a mediagit repository

command=`cd "/tmp/.tmppi9sSm" && "/mnt/d/own/saas/mediagit-core/target/debug/mediagit" "add" "--dry-run" "/tmp/.tmppi9sSm/test.txt"`
code=1
stdout=""
stderr="âŒ Error: Not a mediagit repository\n"


---- test_add_force_flag stdout ----

thread 'test_add_force_flag' (87076) panicked at /home/aswin/.rustup/toolchains/stable-x86_64-unknown-linux-gnu/lib/rustlib/src/rust/library/core/src/ops/function.rs:250:5:
Unexpected stderr, failed var.contains(not yet implemented)
â”œâ”€â”€ var: âŒ Error: Not a mediagit repository
â””â”€â”€ var as str: âŒ Error: Not a mediagit repository

command=`cd "/tmp/.tmpElXVQa" && "/mnt/d/own/saas/mediagit-core/target/debug/mediagit" "add" "--force" "/tmp/.tmpElXVQa/test.txt"`
code=1
stdout=""
stderr="âŒ Error: Not a mediagit repository\n"


---- test_add_glob_pattern stdout ----

thread 'test_add_glob_pattern' (87077) panicked at /home/aswin/.rustup/toolchains/stable-x86_64-unknown-linux-gnu/lib/rustlib/src/rust/library/core/src/ops/function.rs:250:5:
Unexpected stderr, failed var.contains(not yet implemented)
â”œâ”€â”€ var: âŒ Error: Not a mediagit repository
â””â”€â”€ var as str: âŒ Error: Not a mediagit repository

command=`cd "/tmp/.tmpeRNxh9" && "/mnt/d/own/saas/mediagit-core/target/debug/mediagit" "add" "*.txt"`
code=1
stdout=""
stderr="âŒ Error: Not a mediagit repository\n"


---- test_add_all_flag stdout ----

thread 'test_add_all_flag' (87073) panicked at /home/aswin/.rustup/toolchains/stable-x86_64-unknown-linux-gnu/lib/rustlib/src/rust/library/core/src/ops/function.rs:250:5:
Unexpected stderr, failed var.contains(not yet implemented)
â”œâ”€â”€ var: âŒ Error: Not a mediagit repository
â””â”€â”€ var as str: âŒ Error: Not a mediagit repository

command=`cd "/tmp/.tmpNp9jhq" && "/mnt/d/own/saas/mediagit-core/target/debug/mediagit" "add" "--all" "."`
code=1
stdout=""
stderr="âŒ Error: Not a mediagit repository\n"


---- test_add_patch_mode stdout ----

thread 'test_add_patch_mode' (87146) panicked at /home/aswin/.rustup/toolchains/stable-x86_64-unknown-linux-gnu/lib/rustlib/src/rust/library/core/src/ops/function.rs:250:5:
Unexpected stderr, failed var.contains(not yet implemented)
â”œâ”€â”€ var: âŒ Error: Not a mediagit repository
â””â”€â”€ var as str: âŒ Error: Not a mediagit repository

command=`cd "/tmp/.tmp4rblv2" && "/mnt/d/own/saas/mediagit-core/target/debug/mediagit" "add" "--patch" "/tmp/.tmp4rblv2/test.txt"`
code=1
stdout=""
stderr="âŒ Error: Not a mediagit repository\n"


---- test_add_ignore_removal_flag stdout ----

thread 'test_add_ignore_removal_flag' (87134) panicked at /home/aswin/.rustup/toolchains/stable-x86_64-unknown-linux-gnu/lib/rustlib/src/rust/library/core/src/ops/function.rs:250:5:
Unexpected stderr, failed var.contains(not yet implemented)
â”œâ”€â”€ var: âŒ Error: Not a mediagit repository
â””â”€â”€ var as str: âŒ Error: Not a mediagit repository

command=`cd "/tmp/.tmpdDFYbb" && "/mnt/d/own/saas/mediagit-core/target/debug/mediagit" "add" "--ignore-removal" "/tmp/.tmpdDFYbb/test.txt"`
code=1
stdout=""
stderr="âŒ Error: Not a mediagit repository\n"


---- test_add_multiple_files stdout ----

thread 'test_add_multiple_files' (87139) panicked at /home/aswin/.rustup/toolchains/stable-x86_64-unknown-linux-gnu/lib/rustlib/src/rust/library/core/src/ops/function.rs:250:5:
Unexpected stderr, failed var.contains(not yet implemented)
â”œâ”€â”€ var: âŒ Error: Not a mediagit repository
â””â”€â”€ var as str: âŒ Error: Not a mediagit repository

command=`cd "/tmp/.tmpmaHz6C" && "/mnt/d/own/saas/mediagit-core/target/debug/mediagit" "add" "/tmp/.tmpmaHz6C/file1.txt" "/tmp/.tmpmaHz6C/file2.txt"`
code=1
stdout=""
stderr="âŒ Error: Not a mediagit repository\n"


---- test_add_quiet_mode stdout ----

thread 'test_add_quiet_mode' (87158) panicked at /home/aswin/.rustup/toolchains/stable-x86_64-unknown-linux-gnu/lib/rustlib/src/rust/library/core/src/ops/function.rs:250:5:
Unexpected stderr, failed var.contains(not yet implemented)
â”œâ”€â”€ var: âŒ Error: Not a mediagit repository
â””â”€â”€ var as str: âŒ Error: Not a mediagit repository

command=`cd "/tmp/.tmpDnlczL" && "/mnt/d/own/saas/mediagit-core/target/debug/mediagit" "add" "--quiet" "/tmp/.tmpDnlczL/test.txt"`
code=1
stdout=""
stderr="âŒ Error: Not a mediagit repository\n"


---- test_add_single_file stdout ----

thread 'test_add_single_file' (87171) panicked at /home/aswin/.rustup/toolchains/stable-x86_64-unknown-linux-gnu/lib/rustlib/src/rust/library/core/src/ops/function.rs:250:5:
Unexpected stderr, failed var.contains(not yet implemented)
â”œâ”€â”€ var: âŒ Error: Not a mediagit repository
â””â”€â”€ var as str: âŒ Error: Not a mediagit repository

command=`cd "/tmp/.tmpoDlIW7" && "/mnt/d/own/saas/mediagit-core/target/debug/mediagit" "add" "/tmp/.tmpoDlIW7/test.txt"`
code=1
stdout=""
stderr="âŒ Error: Not a mediagit repository\n"


---- test_add_update_flag stdout ----

thread 'test_add_update_flag' (87181) panicked at /home/aswin/.rustup/toolchains/stable-x86_64-unknown-linux-gnu/lib/rustlib/src/rust/library/core/src/ops/function.rs:250:5:
Unexpected stderr, failed var.contains(not yet implemented)
â”œâ”€â”€ var: âŒ Error: Not a mediagit repository
â””â”€â”€ var as str: âŒ Error: Not a mediagit repository

command=`cd "/tmp/.tmpQSzUlV" && "/mnt/d/own/saas/mediagit-core/target/debug/mediagit" "add" "--update" "/tmp/.tmpQSzUlV/test.txt"`
code=1
stdout=""
stderr="âŒ Error: Not a mediagit repository\n"


---- test_add_verbose_mode stdout ----

thread 'test_add_verbose_mode' (87197) panicked at /home/aswin/.rustup/toolchains/stable-x86_64-unknown-linux-gnu/lib/rustlib/src/rust/library/core/src/ops/function.rs:250:5:
Unexpected stderr, failed var.contains(not yet implemented)
â”œâ”€â”€ var: âŒ Error: Not a mediagit repository
â””â”€â”€ var as str: âŒ Error: Not a mediagit repository

command=`cd "/tmp/.tmpH1Ge7j" && "/mnt/d/own/saas/mediagit-core/target/debug/mediagit" "add" "--verbose" "/tmp/.tmpH1Ge7j/test.txt"`
code=1
stdout=""
stderr="âŒ Error: Not a mediagit repository\n"


---- test_add_with_special_characters_in_filename stdout ----

thread 'test_add_with_special_characters_in_filename' (87198) panicked at /home/aswin/.rustup/toolchains/stable-x86_64-unknown-linux-gnu/lib/rustlib/src/rust/library/core/src/ops/function.rs:250:5:
Unexpected stderr, failed var.contains(not yet implemented)
â”œâ”€â”€ var: âŒ Error: Not a mediagit repository
â””â”€â”€ var as str: âŒ Error: Not a mediagit repository

command=`cd "/tmp/.tmpgcQhva" && "/mnt/d/own/saas/mediagit-core/target/debug/mediagit" "add" "/tmp/.tmpgcQhva/file with spaces.txt"`
code=1
stdout=""
stderr="âŒ Error: Not a mediagit repository\n"



failures:
    test_add_all_flag
    test_add_directory
    test_add_dry_run
    test_add_force_flag
    test_add_glob_pattern
    test_add_help_output
    test_add_ignore_removal_flag
    test_add_multiple_files
    test_add_patch_mode
    test_add_quiet_mode
    test_add_single_file
    test_add_update_flag
    test_add_verbose_mode
    test_add_with_special_characters_in_filename

test result: FAILED. 2 passed; 14 failed; 0 ignored; 0 measured; 0 filtered out; finished in 0.98s

error: test failed, to rerun pass `-p mediagit-cli --test cmd_add_tests`
     Running tests/cmd_branch_tests.rs (target/debug/deps/cmd_branch_tests-c385fc537d657e50)

running 31 tests
test test_branch_create_missing_name ... ok
test test_branch_create_with_upstream ... FAILED
test test_branch_delete ... FAILED
test test_branch_create_with_start_point ... FAILED
test test_branch_create_with_track ... FAILED
test test_branch_create ... FAILED
test test_branch_help_output ... ok
test test_branch_delete_force ... FAILED
test test_branch_delete_merged ... FAILED
test test_branch_list ... FAILED
test test_branch_delete_missing_name ... ok
test test_branch_delete_multiple ... FAILED
test test_branch_list_remote ... FAILED
test test_branch_list_all ... FAILED
test test_branch_list_verbose ... FAILED
test test_branch_list_with_sort ... FAILED
test test_branch_merge ... ok
test test_branch_protect_require_reviews ... ok
test test_branch_merge_no_ff ... ok
test test_branch_protect ... ok
test test_branch_rename ... FAILED
test test_branch_rename_force ... FAILED
test test_branch_show ... FAILED
test test_branch_rename_specific_branch ... FAILED
test test_branch_show_specific ... FAILED
test test_branch_show_verbose ... FAILED
test test_branch_switch_alias_checkout ... FAILED
test test_branch_switch ... FAILED
test test_branch_switch_create ... FAILED
test test_branch_switch_force ... FAILED
test test_branch_unprotect ... ok

failures:

---- test_branch_create_with_upstream stdout ----

thread 'test_branch_create_with_upstream' (87270) panicked at /home/aswin/.rustup/toolchains/stable-x86_64-unknown-linux-gnu/lib/rustlib/src/rust/library/core/src/ops/function.rs:250:5:
Unexpected stderr, failed var.contains(not yet implemented)
â”œâ”€â”€ var: âŒ Error: Not a mediagit repository
â””â”€â”€ var as str: âŒ Error: Not a mediagit repository

command=`cd "/tmp/.tmptjCQ1T" && "/mnt/d/own/saas/mediagit-core/target/debug/mediagit" "branch" "create" "feature-branch" "--set-upstream" "origin/main"`
code=1
stdout=""
stderr="âŒ Error: Not a mediagit repository\n"


---- test_branch_delete stdout ----

thread 'test_branch_delete' (87271) panicked at /home/aswin/.rustup/toolchains/stable-x86_64-unknown-linux-gnu/lib/rustlib/src/rust/library/core/src/ops/function.rs:250:5:
Unexpected stderr, failed var.contains(not yet implemented)
â”œâ”€â”€ var: âŒ Error: Not a mediagit repository
â””â”€â”€ var as str: âŒ Error: Not a mediagit repository

command=`cd "/tmp/.tmp46ALdR" && "/mnt/d/own/saas/mediagit-core/target/debug/mediagit" "branch" "delete" "feature-branch"`
code=1
stdout=""
stderr="âŒ Error: Not a mediagit repository\n"

note: run with `RUST_BACKTRACE=1` environment variable to display a backtrace

---- test_branch_create_with_start_point stdout ----

thread 'test_branch_create_with_start_point' (87268) panicked at /home/aswin/.rustup/toolchains/stable-x86_64-unknown-linux-gnu/lib/rustlib/src/rust/library/core/src/ops/function.rs:250:5:
Unexpected stderr, failed var.contains(not yet implemented)
â”œâ”€â”€ var: âŒ Error: Not a mediagit repository
â””â”€â”€ var as str: âŒ Error: Not a mediagit repository

command=`cd "/tmp/.tmpgSiUdR" && "/mnt/d/own/saas/mediagit-core/target/debug/mediagit" "branch" "create" "feature-branch" "main"`
code=1
stdout=""
stderr="âŒ Error: Not a mediagit repository\n"


---- test_branch_create_with_track stdout ----

thread 'test_branch_create_with_track' (87269) panicked at /home/aswin/.rustup/toolchains/stable-x86_64-unknown-linux-gnu/lib/rustlib/src/rust/library/core/src/ops/function.rs:250:5:
Unexpected stderr, failed var.contains(not yet implemented)
â”œâ”€â”€ var: âŒ Error: Not a mediagit repository
â””â”€â”€ var as str: âŒ Error: Not a mediagit repository

command=`cd "/tmp/.tmp8R7SjQ" && "/mnt/d/own/saas/mediagit-core/target/debug/mediagit" "branch" "create" "feature-branch" "--track"`
code=1
stdout=""
stderr="âŒ Error: Not a mediagit repository\n"


---- test_branch_create stdout ----

thread 'test_branch_create' (87266) panicked at /home/aswin/.rustup/toolchains/stable-x86_64-unknown-linux-gnu/lib/rustlib/src/rust/library/core/src/ops/function.rs:250:5:
Unexpected stderr, failed var.contains(not yet implemented)
â”œâ”€â”€ var: âŒ Error: Not a mediagit repository
â””â”€â”€ var as str: âŒ Error: Not a mediagit repository

command=`cd "/tmp/.tmpzuSaaW" && "/mnt/d/own/saas/mediagit-core/target/debug/mediagit" "branch" "create" "feature-branch"`
code=1
stdout=""
stderr="âŒ Error: Not a mediagit repository\n"


---- test_branch_delete_force stdout ----

thread 'test_branch_delete_force' (87333) panicked at /home/aswin/.rustup/toolchains/stable-x86_64-unknown-linux-gnu/lib/rustlib/src/rust/library/core/src/ops/function.rs:250:5:
Unexpected stderr, failed var.contains(not yet implemented)
â”œâ”€â”€ var: âŒ Error: Not a mediagit repository
â””â”€â”€ var as str: âŒ Error: Not a mediagit repository

command=`cd "/tmp/.tmpaap3JJ" && "/mnt/d/own/saas/mediagit-core/target/debug/mediagit" "branch" "delete" "--force" "feature-branch"`
code=1
stdout=""
stderr="âŒ Error: Not a mediagit repository\n"


---- test_branch_delete_merged stdout ----

thread 'test_branch_delete_merged' (87337) panicked at /home/aswin/.rustup/toolchains/stable-x86_64-unknown-linux-gnu/lib/rustlib/src/rust/library/core/src/ops/function.rs:250:5:
Unexpected stderr, failed var.contains(not yet implemented)
â”œâ”€â”€ var: âŒ Error: Not a mediagit repository
â””â”€â”€ var as str: âŒ Error: Not a mediagit repository

command=`cd "/tmp/.tmp6kBd1O" && "/mnt/d/own/saas/mediagit-core/target/debug/mediagit" "branch" "delete" "--delete-merged" "feature-branch"`
code=1
stdout=""
stderr="âŒ Error: Not a mediagit repository\n"


---- test_branch_list stdout ----

thread 'test_branch_list' (87341) panicked at /home/aswin/.rustup/toolchains/stable-x86_64-unknown-linux-gnu/lib/rustlib/src/rust/library/core/src/ops/function.rs:250:5:
Unexpected stderr, failed var.contains(not yet implemented)
â”œâ”€â”€ var: âŒ Error: Not a mediagit repository
â””â”€â”€ var as str: âŒ Error: Not a mediagit repository

command=`cd "/tmp/.tmpmzhXXw" && "/mnt/d/own/saas/mediagit-core/target/debug/mediagit" "branch" "list"`
code=1
stdout=""
stderr="âŒ Error: Not a mediagit repository\n"


---- test_branch_delete_multiple stdout ----

thread 'test_branch_delete_multiple' (87339) panicked at /home/aswin/.rustup/toolchains/stable-x86_64-unknown-linux-gnu/lib/rustlib/src/rust/library/core/src/ops/function.rs:250:5:
Unexpected stderr, failed var.contains(not yet implemented)
â”œâ”€â”€ var: âŒ Error: Not a mediagit repository
â””â”€â”€ var as str: âŒ Error: Not a mediagit repository

command=`cd "/tmp/.tmpjxWvK5" && "/mnt/d/own/saas/mediagit-core/target/debug/mediagit" "branch" "delete" "branch1" "branch2" "branch3"`
code=1
stdout=""
stderr="âŒ Error: Not a mediagit repository\n"


---- test_branch_list_remote stdout ----

thread 'test_branch_list_remote' (87370) panicked at /home/aswin/.rustup/toolchains/stable-x86_64-unknown-linux-gnu/lib/rustlib/src/rust/library/core/src/ops/function.rs:250:5:
Unexpected stderr, failed var.contains(not yet implemented)
â”œâ”€â”€ var: âŒ Error: Not a mediagit repository
â””â”€â”€ var as str: âŒ Error: Not a mediagit repository

command=`cd "/tmp/.tmpR1ajPk" && "/mnt/d/own/saas/mediagit-core/target/debug/mediagit" "branch" "list" "--remote"`
code=1
stdout=""
stderr="âŒ Error: Not a mediagit repository\n"


---- test_branch_list_all stdout ----

thread 'test_branch_list_all' (87369) panicked at /home/aswin/.rustup/toolchains/stable-x86_64-unknown-linux-gnu/lib/rustlib/src/rust/library/core/src/ops/function.rs:250:5:
Unexpected stderr, failed var.contains(not yet implemented)
â”œâ”€â”€ var: âŒ Error: Not a mediagit repository
â””â”€â”€ var as str: âŒ Error: Not a mediagit repository

command=`cd "/tmp/.tmpGaPeJN" && "/mnt/d/own/saas/mediagit-core/target/debug/mediagit" "branch" "list" "--all"`
code=1
stdout=""
stderr="âŒ Error: Not a mediagit repository\n"


---- test_branch_list_verbose stdout ----

thread 'test_branch_list_verbose' (87383) panicked at /home/aswin/.rustup/toolchains/stable-x86_64-unknown-linux-gnu/lib/rustlib/src/rust/library/core/src/ops/function.rs:250:5:
Unexpected stderr, failed var.contains(not yet implemented)
â”œâ”€â”€ var: âŒ Error: Not a mediagit repository
â””â”€â”€ var as str: âŒ Error: Not a mediagit repository

command=`cd "/tmp/.tmpH1JpKk" && "/mnt/d/own/saas/mediagit-core/target/debug/mediagit" "branch" "list" "--verbose"`
code=1
stdout=""
stderr="âŒ Error: Not a mediagit repository\n"


---- test_branch_list_with_sort stdout ----

thread 'test_branch_list_with_sort' (87393) panicked at /home/aswin/.rustup/toolchains/stable-x86_64-unknown-linux-gnu/lib/rustlib/src/rust/library/core/src/ops/function.rs:250:5:
Unexpected stderr, failed var.contains(not yet implemented)
â”œâ”€â”€ var: âŒ Error: Not a mediagit repository
â””â”€â”€ var as str: âŒ Error: Not a mediagit repository

command=`cd "/tmp/.tmpKbg0DP" && "/mnt/d/own/saas/mediagit-core/target/debug/mediagit" "branch" "list" "--sort" "committerdate"`
code=1
stdout=""
stderr="âŒ Error: Not a mediagit repository\n"


---- test_branch_rename stdout ----

thread 'test_branch_rename' (87443) panicked at /home/aswin/.rustup/toolchains/stable-x86_64-unknown-linux-gnu/lib/rustlib/src/rust/library/core/src/ops/function.rs:250:5:
Unexpected stderr, failed var.contains(not yet implemented)
â”œâ”€â”€ var: âŒ Error: Not a mediagit repository
â””â”€â”€ var as str: âŒ Error: Not a mediagit repository

command=`cd "/tmp/.tmpQSzDRl" && "/mnt/d/own/saas/mediagit-core/target/debug/mediagit" "branch" "rename" "new-branch-name"`
code=1
stdout=""
stderr="âŒ Error: Not a mediagit repository\n"


---- test_branch_rename_force stdout ----

thread 'test_branch_rename_force' (87453) panicked at /home/aswin/.rustup/toolchains/stable-x86_64-unknown-linux-gnu/lib/rustlib/src/rust/library/core/src/ops/function.rs:250:5:
Unexpected stderr, failed var.contains(not yet implemented)
â”œâ”€â”€ var: âŒ Error: Not a mediagit repository
â””â”€â”€ var as str: âŒ Error: Not a mediagit repository

command=`cd "/tmp/.tmpOLuxlz" && "/mnt/d/own/saas/mediagit-core/target/debug/mediagit" "branch" "rename" "--force" "new-name"`
code=1
stdout=""
stderr="âŒ Error: Not a mediagit repository\n"


---- test_branch_show stdout ----

thread 'test_branch_show' (87473) panicked at /home/aswin/.rustup/toolchains/stable-x86_64-unknown-linux-gnu/lib/rustlib/src/rust/library/core/src/ops/function.rs:250:5:
Unexpected stderr, failed var.contains(not yet implemented)
â”œâ”€â”€ var: âŒ Error: Not a mediagit repository
â””â”€â”€ var as str: âŒ Error: Not a mediagit repository

command=`cd "/tmp/.tmpje1BPT" && "/mnt/d/own/saas/mediagit-core/target/debug/mediagit" "branch" "show"`
code=1
stdout=""
stderr="âŒ Error: Not a mediagit repository\n"


---- test_branch_rename_specific_branch stdout ----

thread 'test_branch_rename_specific_branch' (87463) panicked at /home/aswin/.rustup/toolchains/stable-x86_64-unknown-linux-gnu/lib/rustlib/src/rust/library/core/src/ops/function.rs:250:5:
Unexpected stderr, failed var.contains(not yet implemented)
â”œâ”€â”€ var: âŒ Error: Not a mediagit repository
â””â”€â”€ var as str: âŒ Error: Not a mediagit repository

command=`cd "/tmp/.tmpZDPRM7" && "/mnt/d/own/saas/mediagit-core/target/debug/mediagit" "branch" "rename" "new-name" "old-name"`
code=1
stdout=""
stderr="âŒ Error: Not a mediagit repository\n"


---- test_branch_show_specific stdout ----

thread 'test_branch_show_specific' (87483) panicked at /home/aswin/.rustup/toolchains/stable-x86_64-unknown-linux-gnu/lib/rustlib/src/rust/library/core/src/ops/function.rs:250:5:
Unexpected stderr, failed var.contains(not yet implemented)
â”œâ”€â”€ var: âŒ Error: Not a mediagit repository
â””â”€â”€ var as str: âŒ Error: Not a mediagit repository

command=`cd "/tmp/.tmpj8SFCm" && "/mnt/d/own/saas/mediagit-core/target/debug/mediagit" "branch" "show" "main"`
code=1
stdout=""
stderr="âŒ Error: Not a mediagit repository\n"


---- test_branch_show_verbose stdout ----

thread 'test_branch_show_verbose' (87493) panicked at /home/aswin/.rustup/toolchains/stable-x86_64-unknown-linux-gnu/lib/rustlib/src/rust/library/core/src/ops/function.rs:250:5:
Unexpected stderr, failed var.contains(not yet implemented)
â”œâ”€â”€ var: âŒ Error: Not a mediagit repository
â””â”€â”€ var as str: âŒ Error: Not a mediagit repository

command=`cd "/tmp/.tmpCOjlX1" && "/mnt/d/own/saas/mediagit-core/target/debug/mediagit" "branch" "show" "--verbose"`
code=1
stdout=""
stderr="âŒ Error: Not a mediagit repository\n"


---- test_branch_switch_alias_checkout stdout ----

thread 'test_branch_switch_alias_checkout' (87514) panicked at /home/aswin/.rustup/toolchains/stable-x86_64-unknown-linux-gnu/lib/rustlib/src/rust/library/core/src/ops/function.rs:250:5:
Unexpected stderr, failed var.contains(not yet implemented)
â”œâ”€â”€ var: âŒ Error: Not a mediagit repository
â””â”€â”€ var as str: âŒ Error: Not a mediagit repository

command=`cd "/tmp/.tmpJoJAOo" && "/mnt/d/own/saas/mediagit-core/target/debug/mediagit" "branch" "checkout" "main"`
code=1
stdout=""
stderr="âŒ Error: Not a mediagit repository\n"


---- test_branch_switch stdout ----

thread 'test_branch_switch' (87503) panicked at /home/aswin/.rustup/toolchains/stable-x86_64-unknown-linux-gnu/lib/rustlib/src/rust/library/core/src/ops/function.rs:250:5:
Unexpected stderr, failed var.contains(not yet implemented)
â”œâ”€â”€ var: âŒ Error: Not a mediagit repository
â””â”€â”€ var as str: âŒ Error: Not a mediagit repository

command=`cd "/tmp/.tmp6IeMT6" && "/mnt/d/own/saas/mediagit-core/target/debug/mediagit" "branch" "switch" "main"`
code=1
stdout=""
stderr="âŒ Error: Not a mediagit repository\n"


---- test_branch_switch_create stdout ----

thread 'test_branch_switch_create' (87524) panicked at /home/aswin/.rustup/toolchains/stable-x86_64-unknown-linux-gnu/lib/rustlib/src/rust/library/core/src/ops/function.rs:250:5:
Unexpected stderr, failed var.contains(not yet implemented)
â”œâ”€â”€ var: âŒ Error: Not a mediagit repository
â””â”€â”€ var as str: âŒ Error: Not a mediagit repository

command=`cd "/tmp/.tmpg0YEnS" && "/mnt/d/own/saas/mediagit-core/target/debug/mediagit" "branch" "switch" "--create" "new-branch"`
code=1
stdout=""
stderr="âŒ Error: Not a mediagit repository\n"


---- test_branch_switch_force stdout ----

thread 'test_branch_switch_force' (87534) panicked at /home/aswin/.rustup/toolchains/stable-x86_64-unknown-linux-gnu/lib/rustlib/src/rust/library/core/src/ops/function.rs:250:5:
Unexpected stderr, failed var.contains(not yet implemented)
â”œâ”€â”€ var: âŒ Error: Not a mediagit repository
â””â”€â”€ var as str: âŒ Error: Not a mediagit repository

command=`cd "/tmp/.tmpRzgiv7" && "/mnt/d/own/saas/mediagit-core/target/debug/mediagit" "branch" "switch" "--force" "main"`
code=1
stdout=""
stderr="âŒ Error: Not a mediagit repository\n"



failures:
    test_branch_create
    test_branch_create_with_start_point
    test_branch_create_with_track
    test_branch_create_with_upstream
    test_branch_delete
    test_branch_delete_force
    test_branch_delete_merged
    test_branch_delete_multiple
    test_branch_list
    test_branch_list_all
    test_branch_list_remote
    test_branch_list_verbose
    test_branch_list_with_sort
    test_branch_rename
    test_branch_rename_force
    test_branch_rename_specific_branch
    test_branch_show
    test_branch_show_specific
    test_branch_show_verbose
    test_branch_switch
    test_branch_switch_alias_checkout
    test_branch_switch_create
    test_branch_switch_force

test result: FAILED. 8 passed; 23 failed; 0 ignored; 0 measured; 0 filtered out; finished in 1.54s

error: test failed, to rerun pass `-p mediagit-cli --test cmd_branch_tests`
     Running tests/cmd_commit_tests.rs (target/debug/deps/cmd_commit_tests-68bb6c7fa5db6460)

running 18 tests
test test_commit_all_flag ... FAILED
test test_commit_dry_run ... FAILED
test test_commit_allow_empty ... FAILED
test test_commit_custom_date ... FAILED
test test_commit_custom_author ... FAILED
test test_commit_combined_flags ... FAILED
test test_commit_help_output ... ok
test test_commit_quiet_mode ... FAILED
test test_commit_empty_message ... FAILED
test test_commit_signoff ... FAILED
test test_commit_include_flag ... FAILED
test test_commit_multiline_message ... FAILED
test test_commit_with_message ... FAILED
test test_commit_with_edit_flag ... FAILED
test test_commit_with_message_file ... FAILED
test test_commit_with_nonexistent_message_file ... FAILED
test test_commit_verbose_mode ... FAILED
test test_commit_without_message ... ok

failures:

---- test_commit_all_flag stdout ----

thread 'test_commit_all_flag' (87585) panicked at /home/aswin/.rustup/toolchains/stable-x86_64-unknown-linux-gnu/lib/rustlib/src/rust/library/core/src/ops/function.rs:250:5:
Unexpected stderr, failed var.contains(not yet implemented)
â”œâ”€â”€ var: âŒ Error: Not a mediagit repository
â””â”€â”€ var as str: âŒ Error: Not a mediagit repository

command=`cd "/tmp/.tmpujLtx6" && "/mnt/d/own/saas/mediagit-core/target/debug/mediagit" "commit" "-a" "-m" "Commit all changes"`
code=1
stdout=""
stderr="âŒ Error: Not a mediagit repository\n"


---- test_commit_dry_run stdout ----

thread 'test_commit_dry_run' (87590) panicked at /home/aswin/.rustup/toolchains/stable-x86_64-unknown-linux-gnu/lib/rustlib/src/rust/library/core/src/ops/function.rs:250:5:
Unexpected stderr, failed var.contains(not yet implemented)
â”œâ”€â”€ var: âŒ Error: Not a mediagit repository
â””â”€â”€ var as str: âŒ Error: Not a mediagit repository

command=`cd "/tmp/.tmpF4ULzI" && "/mnt/d/own/saas/mediagit-core/target/debug/mediagit" "commit" "-m" "Test commit" "--dry-run"`
code=1
stdout=""
stderr="âŒ Error: Not a mediagit repository\n"


---- test_commit_allow_empty stdout ----

thread 'test_commit_allow_empty' (87586) panicked at /home/aswin/.rustup/toolchains/stable-x86_64-unknown-linux-gnu/lib/rustlib/src/rust/library/core/src/ops/function.rs:250:5:
Unexpected stderr, failed var.contains(not yet implemented)
â”œâ”€â”€ var: âŒ Error: Not a mediagit repository
â””â”€â”€ var as str: âŒ Error: Not a mediagit repository

command=`cd "/tmp/.tmpeFVJsk" && "/mnt/d/own/saas/mediagit-core/target/debug/mediagit" "commit" "-m" "Empty commit" "--allow-empty"`
code=1
stdout=""
stderr="âŒ Error: Not a mediagit repository\n"


---- test_commit_custom_date stdout ----

thread 'test_commit_custom_date' (87589) panicked at /home/aswin/.rustup/toolchains/stable-x86_64-unknown-linux-gnu/lib/rustlib/src/rust/library/core/src/ops/function.rs:250:5:
Unexpected stderr, failed var.contains(not yet implemented)
â”œâ”€â”€ var: âŒ Error: Not a mediagit repository
â””â”€â”€ var as str: âŒ Error: Not a mediagit repository

command=`cd "/tmp/.tmptKBPHX" && "/mnt/d/own/saas/mediagit-core/target/debug/mediagit" "commit" "-m" "Test commit" "--date" "2024-01-01T00:00:00Z"`
code=1
stdout=""
stderr="âŒ Error: Not a mediagit repository\n"


---- test_commit_custom_author stdout ----

thread 'test_commit_custom_author' (87588) panicked at /home/aswin/.rustup/toolchains/stable-x86_64-unknown-linux-gnu/lib/rustlib/src/rust/library/core/src/ops/function.rs:250:5:
Unexpected stderr, failed var.contains(not yet implemented)
â”œâ”€â”€ var: âŒ Error: Not a mediagit repository
â””â”€â”€ var as str: âŒ Error: Not a mediagit repository

command=`cd "/tmp/.tmpz8PY4u" && "/mnt/d/own/saas/mediagit-core/target/debug/mediagit" "commit" "-m" "Test commit" "--author" "Test User <test@example.com>"`
code=1
stdout=""
stderr="âŒ Error: Not a mediagit repository\n"

note: run with `RUST_BACKTRACE=1` environment variable to display a backtrace

---- test_commit_combined_flags stdout ----

thread 'test_commit_combined_flags' (87587) panicked at /home/aswin/.rustup/toolchains/stable-x86_64-unknown-linux-gnu/lib/rustlib/src/rust/library/core/src/ops/function.rs:250:5:
Unexpected stderr, failed var.contains(not yet implemented)
â”œâ”€â”€ var: âŒ Error: Not a mediagit repository
â””â”€â”€ var as str: âŒ Error: Not a mediagit repository

command=`cd "/tmp/.tmpOgWsHC" && "/mnt/d/own/saas/mediagit-core/target/debug/mediagit" "commit" "-a" "-m" "Combined flags test" "--signoff" "--verbose"`
code=1
stdout=""
stderr="âŒ Error: Not a mediagit repository\n"


---- test_commit_quiet_mode stdout ----

thread 'test_commit_quiet_mode' (87649) panicked at /home/aswin/.rustup/toolchains/stable-x86_64-unknown-linux-gnu/lib/rustlib/src/rust/library/core/src/ops/function.rs:250:5:
Unexpected stderr, failed var.contains(not yet implemented)
â”œâ”€â”€ var: âŒ Error: Not a mediagit repository
â””â”€â”€ var as str: âŒ Error: Not a mediagit repository

command=`cd "/tmp/.tmplS3CJd" && "/mnt/d/own/saas/mediagit-core/target/debug/mediagit" "commit" "-m" "Test commit" "--quiet"`
code=1
stdout=""
stderr="âŒ Error: Not a mediagit repository\n"


---- test_commit_empty_message stdout ----

thread 'test_commit_empty_message' (87645) panicked at /home/aswin/.rustup/toolchains/stable-x86_64-unknown-linux-gnu/lib/rustlib/src/rust/library/core/src/ops/function.rs:250:5:
Unexpected stderr, failed var.contains(not yet implemented)
â”œâ”€â”€ var: âŒ Error: aborting commit due to empty commit message
â””â”€â”€ var as str: âŒ Error: aborting commit due to empty commit message

command=`cd "/tmp/.tmpgCUnuQ" && "/mnt/d/own/saas/mediagit-core/target/debug/mediagit" "commit" "-m" ""`
code=1
stdout=""
stderr="âŒ Error: aborting commit due to empty commit message\n"


---- test_commit_signoff stdout ----

thread 'test_commit_signoff' (87650) panicked at /home/aswin/.rustup/toolchains/stable-x86_64-unknown-linux-gnu/lib/rustlib/src/rust/library/core/src/ops/function.rs:250:5:
Unexpected stderr, failed var.contains(not yet implemented)
â”œâ”€â”€ var: âŒ Error: Not a mediagit repository
â””â”€â”€ var as str: âŒ Error: Not a mediagit repository

command=`cd "/tmp/.tmpQ9NdPq" && "/mnt/d/own/saas/mediagit-core/target/debug/mediagit" "commit" "-m" "Test commit" "--signoff"`
code=1
stdout=""
stderr="âŒ Error: Not a mediagit repository\n"


---- test_commit_include_flag stdout ----

thread 'test_commit_include_flag' (87647) panicked at /home/aswin/.rustup/toolchains/stable-x86_64-unknown-linux-gnu/lib/rustlib/src/rust/library/core/src/ops/function.rs:250:5:
Unexpected stderr, failed var.contains(not yet implemented)
â”œâ”€â”€ var: âŒ Error: Not a mediagit repository
â””â”€â”€ var as str: âŒ Error: Not a mediagit repository

command=`cd "/tmp/.tmpGP7Nre" && "/mnt/d/own/saas/mediagit-core/target/debug/mediagit" "commit" "--include" "-m" "Include untracked files"`
code=1
stdout=""
stderr="âŒ Error: Not a mediagit repository\n"


---- test_commit_multiline_message stdout ----

thread 'test_commit_multiline_message' (87648) panicked at /home/aswin/.rustup/toolchains/stable-x86_64-unknown-linux-gnu/lib/rustlib/src/rust/library/core/src/ops/function.rs:250:5:
Unexpected stderr, failed var.contains(not yet implemented)
â”œâ”€â”€ var: âŒ Error: Not a mediagit repository
â””â”€â”€ var as str: âŒ Error: Not a mediagit repository

command=`cd "/tmp/.tmplEO0EN" && "/mnt/d/own/saas/mediagit-core/target/debug/mediagit" "commit" "-m" "First line\n\nDetailed description here"`
code=1
stdout=""
stderr="âŒ Error: Not a mediagit repository\n"


---- test_commit_with_message stdout ----

thread 'test_commit_with_message' (87718) panicked at /home/aswin/.rustup/toolchains/stable-x86_64-unknown-linux-gnu/lib/rustlib/src/rust/library/core/src/ops/function.rs:250:5:
Unexpected stderr, failed var.contains(not yet implemented)
â”œâ”€â”€ var: âŒ Error: Not a mediagit repository
â””â”€â”€ var as str: âŒ Error: Not a mediagit repository

command=`cd "/tmp/.tmp5DERFz" && "/mnt/d/own/saas/mediagit-core/target/debug/mediagit" "commit" "-m" "Test commit message"`
code=1
stdout=""
stderr="âŒ Error: Not a mediagit repository\n"


---- test_commit_with_edit_flag stdout ----

thread 'test_commit_with_edit_flag' (87716) panicked at /home/aswin/.rustup/toolchains/stable-x86_64-unknown-linux-gnu/lib/rustlib/src/rust/library/core/src/ops/function.rs:250:5:
Unexpected stderr, failed var.contains(not yet implemented)
â”œâ”€â”€ var: âŒ Error: Not a mediagit repository
â””â”€â”€ var as str: âŒ Error: Not a mediagit repository

command=`cd "/tmp/.tmpnauIBp" && "/mnt/d/own/saas/mediagit-core/target/debug/mediagit" "commit" "--edit"`
code=1
stdout=""
stderr="âŒ Error: Not a mediagit repository\n"


---- test_commit_with_message_file stdout ----

thread 'test_commit_with_message_file' (87719) panicked at /home/aswin/.rustup/toolchains/stable-x86_64-unknown-linux-gnu/lib/rustlib/src/rust/library/core/src/ops/function.rs:250:5:
Unexpected stderr, failed var.contains(not yet implemented)
â”œâ”€â”€ var: âŒ Error: Not a mediagit repository
â””â”€â”€ var as str: âŒ Error: Not a mediagit repository

command=`cd "/tmp/.tmpaq0rFe" && "/mnt/d/own/saas/mediagit-core/target/debug/mediagit" "commit" "-F" "/tmp/.tmpaq0rFe/commit_msg.txt"`
code=1
stdout=""
stderr="âŒ Error: Not a mediagit repository\n"


---- test_commit_with_nonexistent_message_file stdout ----

thread 'test_commit_with_nonexistent_message_file' (87720) panicked at /home/aswin/.rustup/toolchains/stable-x86_64-unknown-linux-gnu/lib/rustlib/src/rust/library/core/src/ops/function.rs:250:5:
Unexpected stderr, failed var.contains(not yet implemented)
â”œâ”€â”€ var: âŒ Error: Not a mediagit repository
â””â”€â”€ var as str: âŒ Error: Not a mediagit repository

command=`cd "/tmp/.tmpVJzNsp" && "/mnt/d/own/saas/mediagit-core/target/debug/mediagit" "commit" "-F" "nonexistent.txt"`
code=1
stdout=""
stderr="âŒ Error: Not a mediagit repository\n"


---- test_commit_verbose_mode stdout ----

thread 'test_commit_verbose_mode' (87712) panicked at /home/aswin/.rustup/toolchains/stable-x86_64-unknown-linux-gnu/lib/rustlib/src/rust/library/core/src/ops/function.rs:250:5:
Unexpected stderr, failed var.contains(not yet implemented)
â”œâ”€â”€ var: âŒ Error: Not a mediagit repository
â””â”€â”€ var as str: âŒ Error: Not a mediagit repository

command=`cd "/tmp/.tmp8ZOlrD" && "/mnt/d/own/saas/mediagit-core/target/debug/mediagit" "commit" "-m" "Test commit" "--verbose"`
code=1
stdout=""
stderr="âŒ Error: Not a mediagit repository\n"



failures:
    test_commit_all_flag
    test_commit_allow_empty
    test_commit_combined_flags
    test_commit_custom_author
    test_commit_custom_date
    test_commit_dry_run
    test_commit_empty_message
    test_commit_include_flag
    test_commit_multiline_message
    test_commit_quiet_mode
    test_commit_signoff
    test_commit_verbose_mode
    test_commit_with_edit_flag
    test_commit_with_message
    test_commit_with_message_file
    test_commit_with_nonexistent_message_file

test result: FAILED. 2 passed; 16 failed; 0 ignored; 0 measured; 0 filtered out; finished in 1.01s

error: test failed, to rerun pass `-p mediagit-cli --test cmd_commit_tests`
     Running tests/cmd_init_tests.rs (target/debug/deps/cmd_init_tests-9829c64fe771fe34)

running 10 tests
test test_init_invalid_path ... FAILED
test test_init_help_output ... ok
test test_init_readonly_directory ... FAILED
test test_init_quiet_mode ... FAILED
test test_init_combined_options ... FAILED
test test_init_bare_repository ... FAILED
test test_init_custom_initial_branch ... FAILED
test test_init_default_path ... FAILED
test test_init_with_explicit_path ... FAILED
test test_init_with_template ... FAILED

failures:

---- test_init_invalid_path stdout ----

thread 'test_init_invalid_path' (87779) panicked at /home/aswin/.cargo/registry/src/index.crates.io-1949cf8c6b5b557f/assert_cmd-2.1.1/src/cmd.rs:658:17:
Failed to spawn Command { cmd: "/mnt/d/own/saas/mediagit-core/target/debug/mediagit" "init" "<string-with-nul>", stdin: None, timeout: None }: nul byte found in provided data
note: run with `RUST_BACKTRACE=1` environment variable to display a backtrace

---- test_init_readonly_directory stdout ----

thread 'test_init_readonly_directory' (87829) panicked at /home/aswin/.cargo/registry/src/index.crates.io-1949cf8c6b5b557f/assert_cmd-2.1.1/src/cmd.rs:658:17:
Failed to spawn Command { cmd: cd "/tmp/.tmpP3jRgS/readonly" && "/mnt/d/own/saas/mediagit-core/target/debug/mediagit" "init", stdin: None, timeout: None }: Permission denied (os error 13)

---- test_init_quiet_mode stdout ----

thread 'test_init_quiet_mode' (87785) panicked at /home/aswin/.rustup/toolchains/stable-x86_64-unknown-linux-gnu/lib/rustlib/src/rust/library/core/src/ops/function.rs:250:5:
Unexpected success
command=`cd "/tmp/.tmp7wT3Pg" && "/mnt/d/own/saas/mediagit-core/target/debug/mediagit" "init" "--quiet"`
code=0
stdout=""
stderr=""


---- test_init_combined_options stdout ----

thread 'test_init_combined_options' (87775) panicked at /home/aswin/.rustup/toolchains/stable-x86_64-unknown-linux-gnu/lib/rustlib/src/rust/library/core/src/ops/function.rs:250:5:
Unexpected success
command=`cd "/tmp/.tmpgfEbCl" && "/mnt/d/own/saas/mediagit-core/target/debug/mediagit" "init" "--bare" "--initial-branch" "main" "--quiet"`
code=0
stdout=""
stderr=""


---- test_init_bare_repository stdout ----

thread 'test_init_bare_repository' (87774) panicked at /home/aswin/.rustup/toolchains/stable-x86_64-unknown-linux-gnu/lib/rustlib/src/rust/library/core/src/ops/function.rs:250:5:
Unexpected success
command=`cd "/tmp/.tmpN10v4u" && "/mnt/d/own/saas/mediagit-core/target/debug/mediagit" "init" "--bare"`
code=0
stdout=```
ğŸ¬ Initializing MediaGit repository in /tmp/.tmpN10v4u
âœ… Initialized empty MediaGit repository in /tmp/.tmpN10v4u/.mediagit
  Initial branch: main
```

stderr=```
  \x1b[2m2025-12-17T05:50:56.442847Z\x1b[0m \x1b[32m INFO\x1b[0m \x1b[1;32mmediagit::commands::init\x1b[0m\x1b[32m: \x1b[32mCreating .mediagit directory structure\x1b[0m
    \x1b[2;3mat\x1b[0m crates/mediagit-cli/src/commands/init.rs:128 \x1b[2;3mon\x1b[0m main

  \x1b[2m2025-12-17T05:50:56.444529Z\x1b[0m \x1b[32m INFO\x1b[0m \x1b[1;32mmediagit_versioning::odb\x1b[0m\x1b[32m: \x1b[32mCreating ObjectDatabase with LRU cache, \x1b[1;32mcapacity\x1b[0m\x1b[32m: 1000, \x1b[1;32mcompression\x1b[0m\x1b[32m: \"zlib (Git-compatible)\"\x1b[0m
    \x1b[2;3mat\x1b[0m crates/mediagit-versioning/src/odb.rs:107 \x1b[2;3mon\x1b[0m main

  \x1b[2m2025-12-17T05:50:56.471343Z\x1b[0m \x1b[32m INFO\x1b[0m \x1b[1;32mmediagit::commands::init\x1b[0m\x1b[32m: \x1b[32mCreating default configuration\x1b[0m
    \x1b[2;3mat\x1b[0m crates/mediagit-cli/src/commands/init.rs:155 \x1b[2;3mon\x1b[0m main

```



---- test_init_custom_initial_branch stdout ----

thread 'test_init_custom_initial_branch' (87776) panicked at /home/aswin/.rustup/toolchains/stable-x86_64-unknown-linux-gnu/lib/rustlib/src/rust/library/core/src/ops/function.rs:250:5:
Unexpected success
command=`cd "/tmp/.tmpxdHNwn" && "/mnt/d/own/saas/mediagit-core/target/debug/mediagit" "init" "--initial-branch" "develop"`
code=0
stdout=```
ğŸ¬ Initializing MediaGit repository in /tmp/.tmpxdHNwn
âœ… Initialized empty MediaGit repository in /tmp/.tmpxdHNwn/.mediagit
  Initial branch: develop
```

stderr=```
  \x1b[2m2025-12-17T05:50:56.442864Z\x1b[0m \x1b[32m INFO\x1b[0m \x1b[1;32mmediagit::commands::init\x1b[0m\x1b[32m: \x1b[32mCreating .mediagit directory structure\x1b[0m
    \x1b[2;3mat\x1b[0m crates/mediagit-cli/src/commands/init.rs:128 \x1b[2;3mon\x1b[0m main

  \x1b[2m2025-12-17T05:50:56.444275Z\x1b[0m \x1b[32m INFO\x1b[0m \x1b[1;32mmediagit_versioning::odb\x1b[0m\x1b[32m: \x1b[32mCreating ObjectDatabase with LRU cache, \x1b[1;32mcapacity\x1b[0m\x1b[32m: 1000, \x1b[1;32mcompression\x1b[0m\x1b[32m: \"zlib (Git-compatible)\"\x1b[0m
    \x1b[2;3mat\x1b[0m crates/mediagit-versioning/src/odb.rs:107 \x1b[2;3mon\x1b[0m main

  \x1b[2m2025-12-17T05:50:56.472695Z\x1b[0m \x1b[32m INFO\x1b[0m \x1b[1;32mmediagit::commands::init\x1b[0m\x1b[32m: \x1b[32mCreating default configuration\x1b[0m
    \x1b[2;3mat\x1b[0m crates/mediagit-cli/src/commands/init.rs:155 \x1b[2;3mon\x1b[0m main

```



---- test_init_default_path stdout ----

thread 'test_init_default_path' (87777) panicked at /home/aswin/.rustup/toolchains/stable-x86_64-unknown-linux-gnu/lib/rustlib/src/rust/library/core/src/ops/function.rs:250:5:
Unexpected success
command=`cd "/tmp/.tmpA914AJ" && "/mnt/d/own/saas/mediagit-core/target/debug/mediagit" "init"`
code=0
stdout=```
ğŸ¬ Initializing MediaGit repository in /tmp/.tmpA914AJ
âœ… Initialized empty MediaGit repository in /tmp/.tmpA914AJ/.mediagit
  Initial branch: main
```

stderr=```
  \x1b[2m2025-12-17T05:50:56.442845Z\x1b[0m \x1b[32m INFO\x1b[0m \x1b[1;32mmediagit::commands::init\x1b[0m\x1b[32m: \x1b[32mCreating .mediagit directory structure\x1b[0m
    \x1b[2;3mat\x1b[0m crates/mediagit-cli/src/commands/init.rs:128 \x1b[2;3mon\x1b[0m main

  \x1b[2m2025-12-17T05:50:56.444256Z\x1b[0m \x1b[32m INFO\x1b[0m \x1b[1;32mmediagit_versioning::odb\x1b[0m\x1b[32m: \x1b[32mCreating ObjectDatabase with LRU cache, \x1b[1;32mcapacity\x1b[0m\x1b[32m: 1000, \x1b[1;32mcompression\x1b[0m\x1b[32m: \"zlib (Git-compatible)\"\x1b[0m
    \x1b[2;3mat\x1b[0m crates/mediagit-versioning/src/odb.rs:107 \x1b[2;3mon\x1b[0m main

  \x1b[2m2025-12-17T05:50:56.468515Z\x1b[0m \x1b[32m INFO\x1b[0m \x1b[1;32mmediagit::commands::init\x1b[0m\x1b[32m: \x1b[32mCreating default configuration\x1b[0m
    \x1b[2;3mat\x1b[0m crates/mediagit-cli/src/commands/init.rs:155 \x1b[2;3mon\x1b[0m main

```



---- test_init_with_explicit_path stdout ----

thread 'test_init_with_explicit_path' (87831) panicked at /home/aswin/.rustup/toolchains/stable-x86_64-unknown-linux-gnu/lib/rustlib/src/rust/library/core/src/ops/function.rs:250:5:
Unexpected success
command=`"/mnt/d/own/saas/mediagit-core/target/debug/mediagit" "init" "/tmp/.tmpqWSoe6/my-repo"`
code=0
stdout=```
ğŸ¬ Initializing MediaGit repository in /tmp/.tmpqWSoe6/my-repo
âœ… Initialized empty MediaGit repository in /tmp/.tmpqWSoe6/my-repo/.mediagit
  Initial branch: main
```

stderr=```
  \x1b[2m2025-12-17T05:50:56.715803Z\x1b[0m \x1b[32m INFO\x1b[0m \x1b[1;32mmediagit::commands::init\x1b[0m\x1b[32m: \x1b[32mCreating .mediagit directory structure\x1b[0m
    \x1b[2;3mat\x1b[0m crates/mediagit-cli/src/commands/init.rs:128 \x1b[2;3mon\x1b[0m main

  \x1b[2m2025-12-17T05:50:56.716819Z\x1b[0m \x1b[32m INFO\x1b[0m \x1b[1;32mmediagit_versioning::odb\x1b[0m\x1b[32m: \x1b[32mCreating ObjectDatabase with LRU cache, \x1b[1;32mcapacity\x1b[0m\x1b[32m: 1000, \x1b[1;32mcompression\x1b[0m\x1b[32m: \"zlib (Git-compatible)\"\x1b[0m
    \x1b[2;3mat\x1b[0m crates/mediagit-versioning/src/odb.rs:107 \x1b[2;3mon\x1b[0m main

  \x1b[2m2025-12-17T05:50:56.723519Z\x1b[0m \x1b[32m INFO\x1b[0m \x1b[1;32mmediagit::commands::init\x1b[0m\x1b[32m: \x1b[32mCreating default configuration\x1b[0m
    \x1b[2;3mat\x1b[0m crates/mediagit-cli/src/commands/init.rs:155 \x1b[2;3mon\x1b[0m main

```



---- test_init_with_template stdout ----

thread 'test_init_with_template' (87846) panicked at /home/aswin/.rustup/toolchains/stable-x86_64-unknown-linux-gnu/lib/rustlib/src/rust/library/core/src/ops/function.rs:250:5:
Unexpected success
command=`cd "/tmp/.tmptxUds1" && "/mnt/d/own/saas/mediagit-core/target/debug/mediagit" "init" "--template" "/tmp/.tmp699zmw"`
code=0
stdout=```
ğŸ¬ Initializing MediaGit repository in /tmp/.tmptxUds1
âœ… Initialized empty MediaGit repository in /tmp/.tmptxUds1/.mediagit
  Initial branch: main
```

stderr=```
  \x1b[2m2025-12-17T05:50:56.797207Z\x1b[0m \x1b[32m INFO\x1b[0m \x1b[1;32mmediagit::commands::init\x1b[0m\x1b[32m: \x1b[32mCreating .mediagit directory structure\x1b[0m
    \x1b[2;3mat\x1b[0m crates/mediagit-cli/src/commands/init.rs:128 \x1b[2;3mon\x1b[0m main

  \x1b[2m2025-12-17T05:50:56.797898Z\x1b[0m \x1b[32m INFO\x1b[0m \x1b[1;32mmediagit_versioning::odb\x1b[0m\x1b[32m: \x1b[32mCreating ObjectDatabase with LRU cache, \x1b[1;32mcapacity\x1b[0m\x1b[32m: 1000, \x1b[1;32mcompression\x1b[0m\x1b[32m: \"zlib (Git-compatible)\"\x1b[0m
    \x1b[2;3mat\x1b[0m crates/mediagit-versioning/src/odb.rs:107 \x1b[2;3mon\x1b[0m main

  \x1b[2m2025-12-17T05:50:56.804793Z\x1b[0m \x1b[32m INFO\x1b[0m \x1b[1;32mmediagit::commands::init\x1b[0m\x1b[32m: \x1b[32mCreating default configuration\x1b[0m
    \x1b[2;3mat\x1b[0m crates/mediagit-cli/src/commands/init.rs:155 \x1b[2;3mon\x1b[0m main

```




failures:
    test_init_bare_repository
    test_init_combined_options
    test_init_custom_initial_branch
    test_init_default_path
    test_init_invalid_path
    test_init_quiet_mode
    test_init_readonly_directory
    test_init_with_explicit_path
    test_init_with_template

test result: FAILED. 1 passed; 9 failed; 0 ignored; 0 measured; 0 filtered out; finished in 0.80s

error: test failed, to rerun pass `-p mediagit-cli --test cmd_init_tests`
     Running tests/cmd_merge_tests.rs (target/debug/deps/cmd_merge_tests-ac8b45a48557754b)

running 19 tests
test test_merge_continue ... FAILED
test test_merge_abort ... ok
test test_merge_fast_forward_only ... FAILED
test test_merge_combined_options ... FAILED
test test_merge_branch ... FAILED
test test_merge_conflicting_ff_options ... ok
test test_merge_no_commit ... FAILED
test test_merge_squash ... FAILED
test test_merge_no_fast_forward ... FAILED
test test_merge_help_output ... ok
test test_merge_quiet_mode ... FAILED
test test_merge_missing_branch_name ... ok
test test_merge_squash_with_message ... FAILED
test test_merge_strategy_ours ... FAILED
test test_merge_strategy_theirs ... FAILED
test test_merge_verbose_mode ... FAILED
test test_merge_with_message ... FAILED
test test_merge_with_strategy ... FAILED
test test_merge_with_strategy_option ... FAILED

failures:

---- test_merge_continue stdout ----

thread 'test_merge_continue' (87898) panicked at /home/aswin/.rustup/toolchains/stable-x86_64-unknown-linux-gnu/lib/rustlib/src/rust/library/core/src/ops/function.rs:250:5:
Unexpected stderr, failed var.contains(not yet implemented)
â”œâ”€â”€ var: error: unexpected argument '--continue' found
â”‚   
â”‚     tip: a similar argument exists: '--continue-merge'
â”‚   
â”‚   Usage: mediagit merge --continue-merge <BRANCH>
â”‚   
â”‚   For more information, try '--help'.
â””â”€â”€ var as str: error: unexpected argument '--continue' found
    
      tip: a similar argument exists: '--continue-merge'
    
    Usage: mediagit merge --continue-merge <BRANCH>
    
    For more information, try '--help'.

command=`cd "/tmp/.tmpTUaXS6" && "/mnt/d/own/saas/mediagit-core/target/debug/mediagit" "merge" "--continue" "feature-branch"`
code=2
stdout=""
stderr=```
error: unexpected argument \'--continue\' found

  tip: a similar argument exists: \'--continue-merge\'

Usage: mediagit merge --continue-merge <BRANCH>

For more information, try \'--help\'.
```


note: run with `RUST_BACKTRACE=1` environment variable to display a backtrace

---- test_merge_fast_forward_only stdout ----

thread 'test_merge_fast_forward_only' (87899) panicked at /home/aswin/.rustup/toolchains/stable-x86_64-unknown-linux-gnu/lib/rustlib/src/rust/library/core/src/ops/function.rs:250:5:
Unexpected stderr, failed var.contains(not yet implemented)
â”œâ”€â”€ var: âŒ Error: Not a mediagit repository
â””â”€â”€ var as str: âŒ Error: Not a mediagit repository

command=`cd "/tmp/.tmpnUmvvw" && "/mnt/d/own/saas/mediagit-core/target/debug/mediagit" "merge" "--ff-only" "feature-branch"`
code=1
stdout=""
stderr="âŒ Error: Not a mediagit repository\n"


---- test_merge_combined_options stdout ----

thread 'test_merge_combined_options' (87896) panicked at /home/aswin/.rustup/toolchains/stable-x86_64-unknown-linux-gnu/lib/rustlib/src/rust/library/core/src/ops/function.rs:250:5:
Unexpected stderr, failed var.contains(not yet implemented)
â”œâ”€â”€ var: âŒ Error: Not a mediagit repository
â””â”€â”€ var as str: âŒ Error: Not a mediagit repository

command=`cd "/tmp/.tmpbP7Olr" && "/mnt/d/own/saas/mediagit-core/target/debug/mediagit" "merge" "--no-ff" "-m" "Merge with no fast-forward" "--verbose" "feature-branch"`
code=1
stdout=""
stderr="âŒ Error: Not a mediagit repository\n"


---- test_merge_branch stdout ----

thread 'test_merge_branch' (87895) panicked at /home/aswin/.rustup/toolchains/stable-x86_64-unknown-linux-gnu/lib/rustlib/src/rust/library/core/src/ops/function.rs:250:5:
Unexpected stderr, failed var.contains(not yet implemented)
â”œâ”€â”€ var: âŒ Error: Not a mediagit repository
â””â”€â”€ var as str: âŒ Error: Not a mediagit repository

command=`cd "/tmp/.tmpkOqEtR" && "/mnt/d/own/saas/mediagit-core/target/debug/mediagit" "merge" "feature-branch"`
code=1
stdout=""
stderr="âŒ Error: Not a mediagit repository\n"


---- test_merge_no_commit stdout ----

thread 'test_merge_no_commit' (87959) panicked at /home/aswin/.rustup/toolchains/stable-x86_64-unknown-linux-gnu/lib/rustlib/src/rust/library/core/src/ops/function.rs:250:5:
Unexpected stderr, failed var.contains(not yet implemented)
â”œâ”€â”€ var: âŒ Error: Not a mediagit repository
â””â”€â”€ var as str: âŒ Error: Not a mediagit repository

command=`cd "/tmp/.tmpsWrrzn" && "/mnt/d/own/saas/mediagit-core/target/debug/mediagit" "merge" "--no-commit" "feature-branch"`
code=1
stdout=""
stderr="âŒ Error: Not a mediagit repository\n"


---- test_merge_squash stdout ----

thread 'test_merge_squash' (87962) panicked at /home/aswin/.rustup/toolchains/stable-x86_64-unknown-linux-gnu/lib/rustlib/src/rust/library/core/src/ops/function.rs:250:5:
Unexpected stderr, failed var.contains(not yet implemented)
â”œâ”€â”€ var: âŒ Error: Not a mediagit repository
â””â”€â”€ var as str: âŒ Error: Not a mediagit repository

command=`cd "/tmp/.tmpQypdjg" && "/mnt/d/own/saas/mediagit-core/target/debug/mediagit" "merge" "--squash" "feature-branch"`
code=1
stdout=""
stderr="âŒ Error: Not a mediagit repository\n"


---- test_merge_no_fast_forward stdout ----

thread 'test_merge_no_fast_forward' (87960) panicked at /home/aswin/.rustup/toolchains/stable-x86_64-unknown-linux-gnu/lib/rustlib/src/rust/library/core/src/ops/function.rs:250:5:
Unexpected stderr, failed var.contains(not yet implemented)
â”œâ”€â”€ var: âŒ Error: Not a mediagit repository
â””â”€â”€ var as str: âŒ Error: Not a mediagit repository

command=`cd "/tmp/.tmpH6xIgk" && "/mnt/d/own/saas/mediagit-core/target/debug/mediagit" "merge" "--no-ff" "feature-branch"`
code=1
stdout=""
stderr="âŒ Error: Not a mediagit repository\n"


---- test_merge_quiet_mode stdout ----

thread 'test_merge_quiet_mode' (87961) panicked at /home/aswin/.rustup/toolchains/stable-x86_64-unknown-linux-gnu/lib/rustlib/src/rust/library/core/src/ops/function.rs:250:5:
Unexpected stderr, failed var.contains(not yet implemented)
â”œâ”€â”€ var: âŒ Error: Not a mediagit repository
â””â”€â”€ var as str: âŒ Error: Not a mediagit repository

command=`cd "/tmp/.tmpN6M7Es" && "/mnt/d/own/saas/mediagit-core/target/debug/mediagit" "merge" "--quiet" "feature-branch"`
code=1
stdout=""
stderr="âŒ Error: Not a mediagit repository\n"


---- test_merge_squash_with_message stdout ----

thread 'test_merge_squash_with_message' (88016) panicked at /home/aswin/.rustup/toolchains/stable-x86_64-unknown-linux-gnu/lib/rustlib/src/rust/library/core/src/ops/function.rs:250:5:
Unexpected stderr, failed var.contains(not yet implemented)
â”œâ”€â”€ var: âŒ Error: Not a mediagit repository
â””â”€â”€ var as str: âŒ Error: Not a mediagit repository

command=`cd "/tmp/.tmpVRxRIP" && "/mnt/d/own/saas/mediagit-core/target/debug/mediagit" "merge" "--squash" "-m" "Squash merge message" "feature-branch"`
code=1
stdout=""
stderr="âŒ Error: Not a mediagit repository\n"


---- test_merge_strategy_ours stdout ----

thread 'test_merge_strategy_ours' (88017) panicked at /home/aswin/.rustup/toolchains/stable-x86_64-unknown-linux-gnu/lib/rustlib/src/rust/library/core/src/ops/function.rs:250:5:
Unexpected stderr, failed var.contains(not yet implemented)
â”œâ”€â”€ var: âŒ Error: Not a mediagit repository
â””â”€â”€ var as str: âŒ Error: Not a mediagit repository

command=`cd "/tmp/.tmprdTDLO" && "/mnt/d/own/saas/mediagit-core/target/debug/mediagit" "merge" "-s" "ours" "feature-branch"`
code=1
stdout=""
stderr="âŒ Error: Not a mediagit repository\n"


---- test_merge_strategy_theirs stdout ----

thread 'test_merge_strategy_theirs' (88030) panicked at /home/aswin/.rustup/toolchains/stable-x86_64-unknown-linux-gnu/lib/rustlib/src/rust/library/core/src/ops/function.rs:250:5:
Unexpected stderr, failed var.contains(not yet implemented)
â”œâ”€â”€ var: âŒ Error: Not a mediagit repository
â””â”€â”€ var as str: âŒ Error: Not a mediagit repository

command=`cd "/tmp/.tmpeExcHs" && "/mnt/d/own/saas/mediagit-core/target/debug/mediagit" "merge" "-s" "theirs" "feature-branch"`
code=1
stdout=""
stderr="âŒ Error: Not a mediagit repository\n"


---- test_merge_verbose_mode stdout ----

thread 'test_merge_verbose_mode' (88040) panicked at /home/aswin/.rustup/toolchains/stable-x86_64-unknown-linux-gnu/lib/rustlib/src/rust/library/core/src/ops/function.rs:250:5:
Unexpected stderr, failed var.contains(not yet implemented)
â”œâ”€â”€ var: âŒ Error: Not a mediagit repository
â””â”€â”€ var as str: âŒ Error: Not a mediagit repository

command=`cd "/tmp/.tmpOqCgAL" && "/mnt/d/own/saas/mediagit-core/target/debug/mediagit" "merge" "--verbose" "feature-branch"`
code=1
stdout=""
stderr="âŒ Error: Not a mediagit repository\n"


---- test_merge_with_message stdout ----

thread 'test_merge_with_message' (88050) panicked at /home/aswin/.rustup/toolchains/stable-x86_64-unknown-linux-gnu/lib/rustlib/src/rust/library/core/src/ops/function.rs:250:5:
Unexpected stderr, failed var.contains(not yet implemented)
â”œâ”€â”€ var: âŒ Error: Not a mediagit repository
â””â”€â”€ var as str: âŒ Error: Not a mediagit repository

command=`cd "/tmp/.tmpbxjH29" && "/mnt/d/own/saas/mediagit-core/target/debug/mediagit" "merge" "feature-branch" "-m" "Merge feature branch"`
code=1
stdout=""
stderr="âŒ Error: Not a mediagit repository\n"


---- test_merge_with_strategy stdout ----

thread 'test_merge_with_strategy' (88060) panicked at /home/aswin/.rustup/toolchains/stable-x86_64-unknown-linux-gnu/lib/rustlib/src/rust/library/core/src/ops/function.rs:250:5:
Unexpected stderr, failed var.contains(not yet implemented)
â”œâ”€â”€ var: âŒ Error: Not a mediagit repository
â””â”€â”€ var as str: âŒ Error: Not a mediagit repository

command=`cd "/tmp/.tmpqGRiWs" && "/mnt/d/own/saas/mediagit-core/target/debug/mediagit" "merge" "--strategy" "recursive" "feature-branch"`
code=1
stdout=""
stderr="âŒ Error: Not a mediagit repository\n"


---- test_merge_with_strategy_option stdout ----

thread 'test_merge_with_strategy_option' (88070) panicked at /home/aswin/.rustup/toolchains/stable-x86_64-unknown-linux-gnu/lib/rustlib/src/rust/library/core/src/ops/function.rs:250:5:
Unexpected stderr, failed var.contains(not yet implemented)
â”œâ”€â”€ var: âŒ Error: Not a mediagit repository
â””â”€â”€ var as str: âŒ Error: Not a mediagit repository

command=`cd "/tmp/.tmpVuxeiw" && "/mnt/d/own/saas/mediagit-core/target/debug/mediagit" "merge" "-s" "recursive" "-X" "ours" "feature-branch"`
code=1
stdout=""
stderr="âŒ Error: Not a mediagit repository\n"



failures:
    test_merge_branch
    test_merge_combined_options
    test_merge_continue
    test_merge_fast_forward_only
    test_merge_no_commit
    test_merge_no_fast_forward
    test_merge_quiet_mode
    test_merge_squash
    test_merge_squash_with_message
    test_merge_strategy_ours
    test_merge_strategy_theirs
    test_merge_verbose_mode
    test_merge_with_message
    test_merge_with_strategy
    test_merge_with_strategy_option

test result: FAILED. 4 passed; 15 failed; 0 ignored; 0 measured; 0 filtered out; finished in 0.94s

error: test failed, to rerun pass `-p mediagit-cli --test cmd_merge_tests`
     Running tests/cmd_status_tests.rs (target/debug/deps/cmd_status_tests-efeb6fd082af1ac3)

running 15 tests
test test_status_help_output ... FAILED
test test_status_quiet_mode ... FAILED
test test_status_porcelain_format ... FAILED
test test_status_combined_options ... FAILED
test test_status_ahead_behind ... FAILED
test test_status_basic ... FAILED
test test_status_short_and_porcelain_conflict ... ok
test test_status_show_tracked ... FAILED
test test_status_show_branch ... FAILED
test test_status_show_untracked ... FAILED
test test_status_short_format ... FAILED
test test_status_show_ignored ... FAILED
test test_status_verbose_mode ... FAILED
test test_status_with_files ... FAILED
test test_status_with_uninitialized_repo ... ok

failures:

---- test_status_help_output stdout ----

thread 'test_status_help_output' (88115) panicked at /home/aswin/.rustup/toolchains/stable-x86_64-unknown-linux-gnu/lib/rustlib/src/rust/library/core/src/ops/function.rs:250:5:
Unexpected stdout, failed var.contains(Show the working tree status)
â”œâ”€â”€ var: Show working tree status
â”‚   
â”‚   Usage: mediagit status [OPTIONS]
â”‚   
â”‚   Options:
â”‚         --tracked            Show tracked files
â”‚         --untracked          Show untracked files
â”‚         --ignored            Show ignored files
â”‚     -s, --short              Show short format
â”‚         --porcelain          Show porcelain format (for scripts)
â”‚     -b, --branch             Show branch information
â”‚         --ahead-behind       Show ahead/behind commits
â”‚     -q, --quiet              Quiet mode
â”‚     -v, --verbose            Verbose mode
â”‚         --color <WHEN>       Colored output (always|auto|never) [default: auto]
â”‚     -C, --repository <PATH>  Repository path
â”‚     -h, --help               Print help
â”‚     -V, --version            Print version
â”‚   
â”‚   EXAMPLES:
â”‚       # Show repository status
â”‚       mediagit status
â”‚   
â”‚       # Show status with branch information
â”‚       mediagit status -b
â”‚   
â”‚       # Show status in short format
â”‚       mediagit status -s
â”‚   
â”‚       # Show status in porcelain format (for scripts)
â”‚       mediagit status --porcelain
â”‚   
â”‚       # Show tracked files only
â”‚       mediagit status --tracked
â”‚   
â”‚       # Show untracked files only
â”‚       mediagit status --untracked
â”‚   
â”‚   SEE ALSO:
â”‚       mediagit-add(1), mediagit-commit(1), mediagit-diff(1)
â””â”€â”€ var as str: Show working tree status
    
    Usage: mediagit status [OPTIONS]
    
    Options:
          --tracked            Show tracked files
          --untracked          Show untracked files
          --ignored            Show ignored files
      -s, --short              Show short format
          --porcelain          Show porcelain format (for scripts)
      -b, --branch             Show branch information
          --ahead-behind       Show ahead/behind commits
      -q, --quiet              Quiet mode
      -v, --verbose            Verbose mode
          --color <WHEN>       Colored output (always|auto|never) [default: auto]
      -C, --repository <PATH>  Repository path
      -h, --help               Print help
      -V, --version            Print version
    
    EXAMPLES:
        # Show repository status
        mediagit status
    
        # Show status with branch information
        mediagit status -b
    
        # Show status in short format
        mediagit status -s
    
        # Show status in porcelain format (for scripts)
        mediagit status --porcelain
    
        # Show tracked files only
        mediagit status --tracked
    
        # Show untracked files only
        mediagit status --untracked
    
    SEE ALSO:
        mediagit-add(1), mediagit-commit(1), mediagit-diff(1)

command=`"/mnt/d/own/saas/mediagit-core/target/debug/mediagit" "status" "--help"`
code=0
stdout=```
Show working tree status

Usage: mediagit status [OPTIONS]

Options:
      --tracked            Show tracked files
      --untracked          Show untracked files
      --ignored            Show ignored files
  -s, --short              Show short format
      --porcelain          Show porcelain format (for scripts)
  -b, --branch             Show branch information
      --ahead-behind       Show ahead/behind commits
  -q, --quiet              Quiet mode
  -v, --verbose            Verbose mode
      --color <WHEN>       Colored output (always|auto|never) [default: auto]
  -C, --repository <PATH>  Repository path
  -h, --help               Print help
  -V, --version            Print version

EXAMPLES:
    # Show repository status
    mediagit status

    # Show status with branch information
    mediagit status -b

    # Show status in short format
    mediagit status -s

    # Show status in porcelain format (for scripts)
    mediagit status --porcelain

    # Show tracked files only
    mediagit status --tracked

    # Show untracked files only
    mediagit status --untracked

SEE ALSO:
    mediagit-add(1), mediagit-commit(1), mediagit-diff(1)
```

stderr=""

note: run with `RUST_BACKTRACE=1` environment variable to display a backtrace

---- test_status_quiet_mode stdout ----

thread 'test_status_quiet_mode' (88117) panicked at /home/aswin/.rustup/toolchains/stable-x86_64-unknown-linux-gnu/lib/rustlib/src/rust/library/core/src/ops/function.rs:250:5:
Unexpected stderr, failed var.contains(not yet implemented)
â”œâ”€â”€ var: âŒ Error: Not a mediagit repository (or any parent up to mount point)
â””â”€â”€ var as str: âŒ Error: Not a mediagit repository (or any parent up to mount point)

command=`cd "/tmp/.tmpaeEjOA" && "/mnt/d/own/saas/mediagit-core/target/debug/mediagit" "status" "--quiet"`
code=1
stdout=""
stderr="âŒ Error: Not a mediagit repository (or any parent up to mount point)\n"


---- test_status_porcelain_format stdout ----

thread 'test_status_porcelain_format' (88116) panicked at /home/aswin/.rustup/toolchains/stable-x86_64-unknown-linux-gnu/lib/rustlib/src/rust/library/core/src/ops/function.rs:250:5:
Unexpected stderr, failed var.contains(not yet implemented)
â”œâ”€â”€ var: âŒ Error: Not a mediagit repository (or any parent up to mount point)
â””â”€â”€ var as str: âŒ Error: Not a mediagit repository (or any parent up to mount point)

command=`cd "/tmp/.tmpUhjox3" && "/mnt/d/own/saas/mediagit-core/target/debug/mediagit" "status" "--porcelain"`
code=1
stdout=""
stderr="âŒ Error: Not a mediagit repository (or any parent up to mount point)\n"


---- test_status_combined_options stdout ----

thread 'test_status_combined_options' (88114) panicked at /home/aswin/.rustup/toolchains/stable-x86_64-unknown-linux-gnu/lib/rustlib/src/rust/library/core/src/ops/function.rs:250:5:
Unexpected stderr, failed var.contains(not yet implemented)
â”œâ”€â”€ var: âŒ Error: Not a mediagit repository (or any parent up to mount point)
â””â”€â”€ var as str: âŒ Error: Not a mediagit repository (or any parent up to mount point)

command=`cd "/tmp/.tmpyHyNCe" && "/mnt/d/own/saas/mediagit-core/target/debug/mediagit" "status" "--short" "--branch" "--verbose"`
code=1
stdout=""
stderr="âŒ Error: Not a mediagit repository (or any parent up to mount point)\n"


---- test_status_ahead_behind stdout ----

thread 'test_status_ahead_behind' (88112) panicked at /home/aswin/.rustup/toolchains/stable-x86_64-unknown-linux-gnu/lib/rustlib/src/rust/library/core/src/ops/function.rs:250:5:
Unexpected stderr, failed var.contains(not yet implemented)
â”œâ”€â”€ var: âŒ Error: Not a mediagit repository (or any parent up to mount point)
â””â”€â”€ var as str: âŒ Error: Not a mediagit repository (or any parent up to mount point)

command=`cd "/tmp/.tmpP2UvuM" && "/mnt/d/own/saas/mediagit-core/target/debug/mediagit" "status" "--ahead-behind"`
code=1
stdout=""
stderr="âŒ Error: Not a mediagit repository (or any parent up to mount point)\n"


---- test_status_basic stdout ----

thread 'test_status_basic' (88113) panicked at /home/aswin/.rustup/toolchains/stable-x86_64-unknown-linux-gnu/lib/rustlib/src/rust/library/core/src/ops/function.rs:250:5:
Unexpected stderr, failed var.contains(not yet implemented)
â”œâ”€â”€ var: âŒ Error: Not a mediagit repository (or any parent up to mount point)
â””â”€â”€ var as str: âŒ Error: Not a mediagit repository (or any parent up to mount point)

command=`cd "/tmp/.tmpPh97vC" && "/mnt/d/own/saas/mediagit-core/target/debug/mediagit" "status"`
code=1
stdout=""
stderr="âŒ Error: Not a mediagit repository (or any parent up to mount point)\n"


---- test_status_show_tracked stdout ----

thread 'test_status_show_tracked' (88183) panicked at /home/aswin/.rustup/toolchains/stable-x86_64-unknown-linux-gnu/lib/rustlib/src/rust/library/core/src/ops/function.rs:250:5:
Unexpected stderr, failed var.contains(not yet implemented)
â”œâ”€â”€ var: âŒ Error: Not a mediagit repository (or any parent up to mount point)
â””â”€â”€ var as str: âŒ Error: Not a mediagit repository (or any parent up to mount point)

command=`cd "/tmp/.tmpDOiq1i" && "/mnt/d/own/saas/mediagit-core/target/debug/mediagit" "status" "--tracked"`
code=1
stdout=""
stderr="âŒ Error: Not a mediagit repository (or any parent up to mount point)\n"


---- test_status_show_branch stdout ----

thread 'test_status_show_branch' (88180) panicked at /home/aswin/.rustup/toolchains/stable-x86_64-unknown-linux-gnu/lib/rustlib/src/rust/library/core/src/ops/function.rs:250:5:
Unexpected stderr, failed var.contains(not yet implemented)
â”œâ”€â”€ var: âŒ Error: Not a mediagit repository (or any parent up to mount point)
â””â”€â”€ var as str: âŒ Error: Not a mediagit repository (or any parent up to mount point)

command=`cd "/tmp/.tmpgPsvRg" && "/mnt/d/own/saas/mediagit-core/target/debug/mediagit" "status" "--branch"`
code=1
stdout=""
stderr="âŒ Error: Not a mediagit repository (or any parent up to mount point)\n"


---- test_status_show_untracked stdout ----

thread 'test_status_show_untracked' (88184) panicked at /home/aswin/.rustup/toolchains/stable-x86_64-unknown-linux-gnu/lib/rustlib/src/rust/library/core/src/ops/function.rs:250:5:
Unexpected stderr, failed var.contains(not yet implemented)
â”œâ”€â”€ var: âŒ Error: Not a mediagit repository (or any parent up to mount point)
â””â”€â”€ var as str: âŒ Error: Not a mediagit repository (or any parent up to mount point)

command=`cd "/tmp/.tmpAN1x1I" && "/mnt/d/own/saas/mediagit-core/target/debug/mediagit" "status" "--untracked"`
code=1
stdout=""
stderr="âŒ Error: Not a mediagit repository (or any parent up to mount point)\n"


---- test_status_short_format stdout ----

thread 'test_status_short_format' (88176) panicked at /home/aswin/.rustup/toolchains/stable-x86_64-unknown-linux-gnu/lib/rustlib/src/rust/library/core/src/ops/function.rs:250:5:
Unexpected stderr, failed var.contains(not yet implemented)
â”œâ”€â”€ var: âŒ Error: Not a mediagit repository (or any parent up to mount point)
â””â”€â”€ var as str: âŒ Error: Not a mediagit repository (or any parent up to mount point)

command=`cd "/tmp/.tmp6YhgHS" && "/mnt/d/own/saas/mediagit-core/target/debug/mediagit" "status" "--short"`
code=1
stdout=""
stderr="âŒ Error: Not a mediagit repository (or any parent up to mount point)\n"


---- test_status_show_ignored stdout ----

thread 'test_status_show_ignored' (88181) panicked at /home/aswin/.rustup/toolchains/stable-x86_64-unknown-linux-gnu/lib/rustlib/src/rust/library/core/src/ops/function.rs:250:5:
Unexpected stderr, failed var.contains(not yet implemented)
â”œâ”€â”€ var: âŒ Error: Not a mediagit repository (or any parent up to mount point)
â””â”€â”€ var as str: âŒ Error: Not a mediagit repository (or any parent up to mount point)

command=`cd "/tmp/.tmpKpFNgB" && "/mnt/d/own/saas/mediagit-core/target/debug/mediagit" "status" "--ignored"`
code=1
stdout=""
stderr="âŒ Error: Not a mediagit repository (or any parent up to mount point)\n"


---- test_status_verbose_mode stdout ----

thread 'test_status_verbose_mode' (88202) panicked at /home/aswin/.rustup/toolchains/stable-x86_64-unknown-linux-gnu/lib/rustlib/src/rust/library/core/src/ops/function.rs:250:5:
Unexpected stderr, failed var.contains(not yet implemented)
â”œâ”€â”€ var: âŒ Error: Not a mediagit repository (or any parent up to mount point)
â””â”€â”€ var as str: âŒ Error: Not a mediagit repository (or any parent up to mount point)

command=`cd "/tmp/.tmpWY3rSE" && "/mnt/d/own/saas/mediagit-core/target/debug/mediagit" "status" "--verbose"`
code=1
stdout=""
stderr="âŒ Error: Not a mediagit repository (or any parent up to mount point)\n"


---- test_status_with_files stdout ----

thread 'test_status_with_files' (88210) panicked at /home/aswin/.rustup/toolchains/stable-x86_64-unknown-linux-gnu/lib/rustlib/src/rust/library/core/src/ops/function.rs:250:5:
Unexpected stderr, failed var.contains(not yet implemented)
â”œâ”€â”€ var: âŒ Error: Not a mediagit repository (or any parent up to mount point)
â””â”€â”€ var as str: âŒ Error: Not a mediagit repository (or any parent up to mount point)

command=`cd "/tmp/.tmplryy69" && "/mnt/d/own/saas/mediagit-core/target/debug/mediagit" "status"`
code=1
stdout=""
stderr="âŒ Error: Not a mediagit repository (or any parent up to mount point)\n"



failures:
    test_status_ahead_behind
    test_status_basic
    test_status_combined_options
    test_status_help_output
    test_status_porcelain_format
    test_status_quiet_mode
    test_status_short_format
    test_status_show_branch
    test_status_show_ignored
    test_status_show_tracked
    test_status_show_untracked
    test_status_verbose_mode
    test_status_with_files

test result: FAILED. 2 passed; 13 failed; 0 ignored; 0 measured; 0 filtered out; finished in 0.76s

error: test failed, to rerun pass `-p mediagit-cli --test cmd_status_tests`
     Running tests/remote_tests.rs (target/debug/deps/remote_tests-278fca9d08a2833b)

running 12 tests
test test_config_format ... ok
test test_get_nonexistent_remote ... ok
test test_default_fetch_push_urls ... ok
test test_get_remote_url ... ok
test test_add_remote ... ok
test test_add_multiple_remotes ... ok
test test_list_remotes ... ok
test test_remote_persistence ... ok
test test_separate_fetch_push_urls ... ok
test test_remove_remote ... ok
test test_rename_remote ... ok
test test_set_url ... ok

test result: ok. 12 passed; 0 failed; 0 ignored; 0 measured; 0 filtered out; finished in 0.10s

     Running unittests src/lib.rs (target/debug/deps/mediagit_compression-23576a0e1daf0cee)

running 107 tests
test adaptive::tests::test_entropy_classification ... ok
test adaptive::tests::test_pattern_detection_compressed ... ok
test adaptive::tests::test_entropy_calculation ... ok
test adaptive::tests::test_pattern_detection_text ... ok
test adaptive::tests::test_adaptive_compressor_random ... ok
test adaptive::tests::test_size_classification ... ok
test adaptive::tests::test_strategy_cache_lru_eviction ... ok
test adaptive::tests::test_strategy_selection_compressed ... ok
test adaptive::tests::test_strategy_selection_high_entropy ... ok
test adaptive::tests::test_strategy_selection_large_file ... ok
test adaptive::tests::test_strategy_selection_tiny_text ... ok
test adaptive::tests::test_pattern_detection_media ... FAILED
test brotli_compressor::tests::test_brotli_compress_empty ... ok
test adaptive::tests::test_file_profile_analysis ... FAILED
test brotli_compressor::tests::test_brotli_debug_format ... ok
test brotli_compressor::tests::test_brotli_decompress_empty ... ok
test brotli_compressor::tests::test_brotli_decompress_uncompressed_data ... ok
test brotli_compressor::tests::test_brotli_has_marker ... ok
test brotli_compressor::tests::test_brotli_compress_decompress ... ok
test delta::tests::test_chain_depth_enforcement ... ok
test delta::tests::test_chain_depth_with_constructor ... ok
test delta::tests::test_custom_thresholds ... ok
test delta::tests::test_delta_chain_tracker ... ok
test delta::tests::test_delta_decode_chain ... ok
test delta::tests::test_delta_encode_decode_simple ... ok
test delta::tests::test_delta_encode_high_similarity ... ok
test delta::tests::test_delta_encode_identical ... ok
test delta::tests::test_delta_encode_low_similarity ... ok
test delta::tests::test_delta_metadata_delta ... ok
test delta::tests::test_delta_metadata_full ... ok
test delta::tests::test_delta_metadata_max_depth ... ok
test adaptive::tests::test_adaptive_compressor_text ... ok
test delta::tests::test_encode_delegates_to_encode_with_depth ... ok
test delta::tests::test_find_best_base ... ok
test delta::tests::test_get_chain ... ok
test delta::tests::test_large_data ... ok
test delta::tests::test_max_chain_depth_setter ... ok
test delta::tests::test_similarity_calculation ... ok
test delta::tests::test_hash_data ... ok
test error::tests::test_compression_error_creation ... ok
test error::tests::test_decompression_error_creation ... ok
test error::tests::test_invalid_input_error ... ok
test error::tests::test_io_error_conversion ... ok
test error::tests::test_unsupported_algorithm_error ... ok
test metrics::aggregator_tests::test_aggregator_basic ... ok
test metrics::aggregator_tests::test_aggregator_multiple_operations ... ok
test metrics::aggregator_tests::test_aggregator_per_algorithm ... ok
test metrics::aggregator_tests::test_aggregator_reset ... ok
test metrics::tests::test_accumulated_metrics ... ok
test metrics::aggregator_tests::test_aggregator_prometheus_export ... ok
test metrics::tests::test_backward_compatibility ... ok
test metrics::tests::test_decompression_recording ... ok
test metrics::tests::test_json_export ... ok
test metrics::tests::test_prometheus_export ... ok
test metrics::tests::test_record_compression ... ok
test metrics::tests::test_summary_output ... ok
test metrics::tests::test_throughput_calculation ... ok
test brotli_compressor::tests::test_brotli_compression_levels ... ok
test metrics::tests::test_zero_size_handling ... ok
test per_type_compressor::tests::test_already_compressed_types ... ok
test per_type_compressor::tests::test_compression_profiles ... ok
test adaptive::tests::test_adaptive_compressor_cache ... ok
test adaptive::tests::test_performance_stats ... ok
test brotli_compressor::tests::test_brotli_large_data ... ok
test per_type_compressor::tests::test_git_object_compression ... ok
test metrics::tests::test_metrics_overhead ... ok
test per_type_compressor::tests::test_per_type_compressor_balanced ... ok
test smart_compressor::tests::test_compression_strategy_for_all_types ... ok
test per_type_compressor::tests::test_prometheus_export ... ok
test smart_compressor::tests::test_compression_strategy_selection ... ok
test smart_compressor::tests::test_debug_format ... ok
test smart_compressor::tests::test_is_already_compressed ... ok
test smart_compressor::tests::test_new_file_extensions ... ok
test smart_compressor::tests::test_object_category ... ok
test smart_compressor::tests::test_object_type_from_extension ... ok
test smart_compressor::tests::test_object_type_from_magic_bytes ... ok
test smart_compressor::tests::test_object_type_from_path ... ok
test smart_compressor::tests::test_smart_compressor_empty_data ... ok
test per_type_compressor::tests::test_custom_strategy ... ok
test smart_compressor::tests::test_smart_compressor_jpeg_no_compression ... ok
test metrics::tests::test_timer ... ok
test smart_compressor::tests::test_smart_compressor_fallback ... ok
test tests::algorithm_detection ... ok
test tests::compression_level_conversions ... ok
test tests::compression_level_debug ... ok
test zlib_compressor::tests::test_zlib_compress_decompress ... ok
test zlib_compressor::tests::test_zlib_compress_empty ... ok
test per_type_compressor::tests::test_per_type_compressor_speed ... ok
test per_type_compressor::tests::test_per_type_stats ... ok
test zlib_compressor::tests::test_zlib_debug_format ... ok
test zlib_compressor::tests::test_zlib_decompress_empty ... ok
test zlib_compressor::tests::test_zlib_decompress_uncompressed_data ... ok
test zlib_compressor::tests::test_zlib_git_compatibility ... ok
test zlib_compressor::tests::test_zlib_random_data ... ok
test zlib_compressor::tests::test_zlib_compression_levels ... ok
test smart_compressor::tests::test_smart_compressor_unknown_type ... ok
test zstd_compressor::tests::test_zstd_compress_empty ... ok
test zstd_compressor::tests::test_zstd_debug_format ... ok
test zstd_compressor::tests::test_zstd_decompress_empty ... ok
test zstd_compressor::tests::test_zstd_decompress_uncompressed_data ... ok
test smart_compressor::tests::test_smart_compressor_text_compression ... ok
test zstd_compressor::tests::test_zstd_random_data ... ok
test zstd_compressor::tests::test_zstd_compress_decompress ... ok
test zstd_compressor::tests::test_zstd_large_data ... ok
test zlib_compressor::tests::test_zlib_large_data ... ok
test smart_compressor::tests::test_smart_compressor_multiple_types ... ok
test zstd_compressor::tests::test_zstd_compression_levels ... ok

failures:

---- adaptive::tests::test_pattern_detection_media stdout ----

thread 'adaptive::tests::test_pattern_detection_media' (88303) panicked at crates/mediagit-compression/src/adaptive.rs:609:9:
assertion `left == right` failed
  left: Binary
 right: Media
note: run with `RUST_BACKTRACE=1` environment variable to display a backtrace

---- adaptive::tests::test_file_profile_analysis stdout ----

thread 'adaptive::tests::test_file_profile_analysis' (88301) panicked at crates/mediagit-compression/src/adaptive.rs:679:9:
assertion `left == right` failed
  left: Binary
 right: Media


failures:
    adaptive::tests::test_file_profile_analysis
    adaptive::tests::test_pattern_detection_media

test result: FAILED. 105 passed; 2 failed; 0 ignored; 0 measured; 0 filtered out; finished in 0.66s

error: test failed, to rerun pass `-p mediagit-compression --lib`
     Running tests/integration_tests.rs (target/debug/deps/integration_tests-07a1dca2760fe056)

running 10 tests
test test_algorithm_detection_raw ... ok
test test_algorithm_detection_zstd ... ok
test test_cross_compressor_decompression ... ok
test test_algorithm_detection_brotli ... ok
test test_different_data_types ... ok
test test_zstd_roundtrip_various_sizes ... ok
test test_compression_ratios_comparison ... ok
test test_brotli_roundtrip_various_sizes ... ok
test test_all_compression_levels ... ok
test test_large_file_simulation ... ok

test result: ok. 10 passed; 0 failed; 0 ignored; 0 measured; 0 filtered out; finished in 0.65s

     Running tests/proptest_compression.rs (target/debug/deps/proptest_compression-4981b9e75cedeefb)

running 18 tests
test proptest_brotli_empty_data ... ok
test proptest_alternating_bytes ... ok
test proptest_brotli_uncompressed_passthrough ... ok
test proptest_ascii_text ... ok
test proptest_brotli_marker_present ... ok
test proptest_repeated_data_compresses_well ... ok
test proptest_single_byte_data ... ok
test proptest_brotli_determinism ... ok
test proptest_brotli_idempotence ... ok
test proptest_zstd_empty_data ... ok
test proptest_zstd_determinism ... ok
test proptest_zstd_idempotence ... ok
test proptest_zstd_uncompressed_passthrough ... ok
test proptest_compression_size_bounds ... ok
test proptest_zstd_roundtrip ... ok
test proptest_brotli_roundtrip ... ok
test proptest_compression_produces_valid_output ... ok
test proptest_zstd_compression_levels has been running for over 60 seconds
test proptest_zstd_compression_levels ... ok

test result: ok. 18 passed; 0 failed; 0 ignored; 0 measured; 0 filtered out; finished in 71.20s

     Running unittests src/lib.rs (target/debug/deps/mediagit_config-10c13925827d0711)

running 28 tests
test loader::tests::test_format_detection ... ok
test loader::tests::test_parse_bool ... ok
test loader::tests::test_format_detection_error ... ok
test migration::tests::test_invalid_downgrade ... ok
test migration::tests::test_migration_manager ... ok
test migration::tests::test_migration_v0_to_v1 ... ok
test migration::tests::test_list_migrations ... ok
test migration::tests::test_missing_migration_path ... ok
test migration::tests::test_no_migration_needed ... ok
test schema::tests::test_default_config ... ok
test loader::tests::test_loader_without_validation ... ok
test loader::tests::test_parse_json ... ok
test tests::test_config_validation ... ok
test loader::tests::test_parse_yaml ... ok
test tests::test_default_config_creation ... ok
test tests::test_config_serialization ... ok
test tests::test_custom_settings ... ok
test tests::test_valid_app_port ... ok
test validation::tests::test_compression_level_validation ... ok
test tests::test_invalid_log_level ... ok
test validation::tests::test_invalid_octal_permissions ... ok
test validation::tests::test_log_level_validation ... ok
test validation::tests::test_valid_config ... ok
test validation::tests::test_valid_port ... ok
test validation::tests::test_invalid_environment ... ok
test validation::tests::test_cache_validation ... ok
test schema::tests::test_serialization_roundtrip ... ok
test loader::tests::test_parse_toml ... ok

test result: ok. 28 passed; 0 failed; 0 ignored; 0 measured; 0 filtered out; finished in 0.02s

     Running tests/integration_tests.rs (target/debug/deps/integration_tests-7bd6457aade97104)

running 23 tests
test test_format_detection ... ok
test test_format_detection_unsupported ... ok
test test_file_not_found ... ok
test test_environment_variable_overrides ... ok
test test_invalid_json_syntax ... ok
test test_load_json_config ... ok
test test_load_from_file_json ... ok
test test_loader_without_validation ... ok
test test_load_from_file_yaml ... ok
test test_invalid_toml_syntax ... ok
test test_load_yaml_config ... ok
test test_validation_cache_type ... ok
test test_validation_compression_level ... ok
test test_unsupported_format ... ok
test test_validation_default_config ... ok
test test_validation_invalid_environment ... ok
test test_validation_invalid_port ... ok
test test_validation_log_level ... ok
test test_validation_s3_bucket_name_too_short ... ok
test test_load_toml_config ... ok
test test_merge_multiple_configs ... ok
test test_load_from_file_toml ... ok
test test_serialization_roundtrip ... ok

test result: ok. 23 passed; 0 failed; 0 ignored; 0 measured; 0 filtered out; finished in 0.04s

     Running unittests src/lib.rs (target/debug/deps/mediagit_git-217afbf80a82f302)

running 22 tests
test filter::tests::test_filter_config_default ... ok
test filter::tests::test_filter_driver_new ... ok
test pointer::tests::test_is_pointer_invalid ... ok
test pointer::tests::test_is_pointer_too_large ... ok
test filter::tests::test_track_pattern ... ok
test pointer::tests::test_is_pointer_valid ... ok
test filter::tests::test_track_pattern_duplicate ... ok
test pointer::tests::test_new_pointer ... ok
test filter::tests::test_untrack_pattern ... ok
test filter::tests::test_untrack_nonexistent_pattern ... ok
test pointer::tests::test_oid_with_prefix ... ok
test pointer::tests::test_parse_invalid_hash ... ok
test pointer::tests::test_parse_invalid_oid_format ... ok
test pointer::tests::test_parse_invalid_size ... ok
test pointer::tests::test_parse_missing_oid ... ok
test pointer::tests::test_parse_missing_version ... ok
test pointer::tests::test_parse_with_extra_whitespace ... ok
test pointer::tests::test_parse_missing_size ... ok
test pointer::tests::test_parse_valid_pointer ... ok
test pointer::tests::test_pointer_to_string ... ok
test pointer::tests::test_roundtrip ... ok
test filter::tests::test_install_in_nonexistent_repo ... ok

test result: ok. 22 passed; 0 failed; 0 ignored; 0 measured; 0 filtered out; finished in 0.01s

     Running tests/integration_test.rs (target/debug/deps/integration_test-7b2dcc0e20519aaa)

running 10 tests
test test_filter_driver_with_custom_config ... ok
test test_filter_config_defaults ... ok
test test_pointer_file_roundtrip ... ok
test test_pointer_file_size_limits ... ok
test test_pointer_file_format_validation ... ok
test test_pointer_file_detection ... ok
test test_track_multiple_patterns ... ok
test test_track_pattern ... ok
test test_untrack_pattern ... ok
test test_filter_driver_install ... ok

test result: ok. 10 passed; 0 failed; 0 ignored; 0 measured; 0 filtered out; finished in 0.86s

     Running unittests src/lib.rs (target/debug/deps/mediagit_media-064f440e5dc22ed0)

running 33 tests
test audio::tests::test_track_differences ... ok
test image::tests::test_format_detection ... ok
test audio::tests::test_audio_format_detection ... ok
test model3d::tests::test_bounding_box_expand ... ok
test model3d::tests::test_bounding_box_no_overlap ... ok
test model3d::tests::test_bounding_box_overlap ... ok
test model3d::tests::test_bounding_box_volume ... ok
test model3d::tests::test_format_detection ... ok
test phash::tests::test_different_algorithms_incompatible ... ok
test phash::tests::test_hamming_distance ... ok
test phash::tests::test_similarity_calculation ... ok
test psd::tests::test_layer_bounds_no_overlap ... ok
test psd::tests::test_layer_bounds_overlap ... ok
test audio::tests::test_different_track_types_no_conflict ... ok
test phash::tests::test_algorithm_serialization ... ok
test audio::tests::test_track_type_serialization ... ok
test psd::tests::test_layer_type_detection ... ok
test strategy::tests::test_media_type_detection ... ok
test tests::media_compiles ... ok
test vfx::tests::test_format_detection ... ok
test vfx::tests::test_format_names ... ok
test vfx::tests::test_magic_bytes_after_effects ... ok
test vfx::tests::test_magic_bytes_illustrator_pdf ... ok
test vfx::tests::test_magic_bytes_illustrator_ps ... ok
test vfx::tests::test_magic_bytes_indesign ... ok
test vfx::tests::test_magic_bytes_premiere ... ok
test video::tests::test_different_track_no_conflict ... ok
test video::tests::test_timeline_segment_no_overlap ... ok
test video::tests::test_timeline_segment_overlap ... ok
test strategy::tests::test_strategy_creation ... ok
test image::tests::test_metadata_structure ... ok
test vfx::tests::test_premiere_xml_parsing ... ok
test model3d::tests::test_simple_obj_parsing ... ok

test result: ok. 33 passed; 0 failed; 0 ignored; 0 measured; 0 filtered out; finished in 0.01s

     Running tests/media_merge_integration_tests.rs (target/debug/deps/media_merge_integration_tests-4846ba7ac9854b69)

running 22 tests
test test_merge_strategy_selection ... ok
test edge_cases::test_adjacent_segments_no_overlap ... ok
test edge_cases::test_empty_video_info ... ok
test test_media_type_detection ... ok
test edge_cases::test_zero_duration_segment ... ok
test test_timeline_segment_complete_overlap ... ok
test test_merge_result_types ... ok
test test_timeline_segment_different_tracks ... ok
test test_timeline_segment_no_overlap ... ok
test test_timeline_segment_overlap_detection ... ok
test test_timeline_segment_partial_overlap ... ok
test test_video_auto_merge_no_conflicts ... ok
test test_video_merge_multi_track_no_conflict ... ok
test test_video_merge_conflict_detection ... ok
test test_video_info_helper ... ok
test test_video_merge_same_track_different_regions ... ok
test test_video_parser_creation ... ok
test week4_milestone_tests::milestone_req_1_media_type_detection ... ok
test week4_milestone_tests::milestone_req_3_conflict_detection ... ok
test week4_milestone_tests::milestone_req_4_auto_merge_non_overlapping ... ok
test week4_milestone_tests::milestone_req_5_multi_track_support ... ok
test week4_milestone_tests::milestone_req_2_strategy_selection ... ok

test result: ok. 22 passed; 0 failed; 0 ignored; 0 measured; 0 filtered out; finished in 0.00s

     Running unittests src/lib.rs (target/debug/deps/mediagit_metrics-fe55d1c14e4f46c9)

running 18 tests
test registry::tests::test_dedup_metrics ... ok
test collector::tests::test_collector_creation ... ok
test registry::tests::test_cache_metrics ... ok
test registry::tests::test_registry_creation ... ok
test registry::tests::test_compression_metrics ... ok
test registry::tests::test_operation_metrics ... ok
test server::tests::test_server_creation ... ok
test server::tests::test_disabled_server ... ok
test types::tests::test_compression_algorithm_labels ... ok
test server::tests::test_server_with_config ... ok
test types::tests::test_metrics_config_default ... ok
test types::tests::test_metrics_config_with_port ... ok
test types::tests::test_operation_type_labels ... ok
test types::tests::test_storage_backend_labels ... ok
test collector::tests::test_collector_gather_metrics ... ok
test collector::tests::test_collector_multiple_operations ... ok
test server::tests::test_health_endpoint ... ok
test server::tests::test_metrics_endpoint ... ok

test result: ok. 18 passed; 0 failed; 0 ignored; 0 measured; 0 filtered out; finished in 0.24s

     Running unittests src/lib.rs (target/debug/deps/mediagit_migration-c9dab37314dd2e7b)

running 7 tests
test state::tests::test_progress_calculation ... ok
test verify::tests::test_verification_report ... ok
test verify::tests::test_checksum_computation ... ok
test verify::tests::test_verify_object_checksum_mismatch ... ok
test verify::tests::test_verify_object_success ... ok
test state::tests::test_state_manager ... ok
test state::tests::test_state_persistence ... ok

test result: ok. 7 passed; 0 failed; 0 ignored; 0 measured; 0 filtered out; finished in 0.02s

     Running unittests src/lib.rs (target/debug/deps/mediagit_observability-2ee61ab818dca589)

running 8 tests
test config::tests::test_log_output_default ... ok
test config::tests::test_effective_level_from_config ... ok
test config::tests::test_log_format_parsing ... ok
test config::tests::test_log_format_case_insensitive ... ok
test macros::tests::test_macros_compile ... ok
test config::tests::test_log_config_builder ... ok
test initialization::tests::test_env_filter_parsing ... ok
test initialization::tests::test_valid_trace_level ... ok

test result: ok. 8 passed; 0 failed; 0 ignored; 0 measured; 0 filtered out; finished in 0.01s

     Running tests/integration_tests.rs (target/debug/deps/integration_tests-ae55961e0ecdf023)

running 4 tests
test test_default_config ... ok
test test_config_builder_chaining ... ok
test test_explicit_level_overrides_env ... ok
test test_environment_variable_fallback ... ok

test result: ok. 4 passed; 0 failed; 0 ignored; 0 measured; 0 filtered out; finished in 0.00s

     Running unittests src/lib.rs (target/debug/deps/mediagit_protocol-4109395f125e4b77)

running 7 tests
test types::tests::test_ref_update_response_success ... ok
test types::tests::test_ref_update_response_failed ... ok
test types::tests::test_ref_update_request_serialization ... ok
test types::tests::test_refs_response_serialization ... ok
test types::tests::test_ref_info_serialization ... ok
test types::tests::test_want_request_serialization ... ok
test client::tests::test_client_creation ... ok

test result: ok. 7 passed; 0 failed; 0 ignored; 0 measured; 0 filtered out; finished in 0.23s

     Running tests/integration_tests.rs (target/debug/deps/integration_tests-afe058f6cd1d69ca)

running 11 tests
test test_ref_info_serialization ... ok
test test_force_push ... ok
test test_multiple_ref_updates ... ok
test test_ref_update_request ... ok
test test_ref_update_response ... ok
test test_refs_response ... ok
test test_want_request ... ok
test test_ref_update_response_with_error ... ok
test test_ref_info_symbolic ... ok
test test_ref_update ... ok
test test_protocol_client_creation ... ok

test result: ok. 11 passed; 0 failed; 0 ignored; 0 measured; 0 filtered out; finished in 0.07s

     Running unittests src/lib.rs (target/debug/deps/mediagit_security-4437bbf238639036)

running 54 tests
test audit::tests::test_audit_event_creation ... ok
test audit::tests::test_audit_event_builder ... ok
test auth::apikey::tests::test_extract_from_header ... ok
test audit::tests::test_audit_event_serialization ... ok
test audit::tests::test_event_type_serialization ... ok
test audit::tests::test_helper_functions ... ok
test auth::jwt::tests::test_extract_from_header ... ok
test auth::jwt::tests::test_extract_from_invalid_header ... ok
test auth::jwt::tests::test_invalid_token ... ok
test auth::apikey::tests::test_invalid_key ... ok
test auth::apikey::tests::test_revoke_key ... ok
test auth::jwt::tests::test_generate_and_validate_token ... ok
test auth::jwt::tests::test_token_pair_generation ... ok
test auth::middleware::tests::test_auth_user_permissions ... ok
test auth::middleware::tests::test_no_authentication ... ok
test auth::middleware::tests::test_jwt_authentication ... ok
test auth::user::tests::test_admin_permissions ... ok
test auth::user::tests::test_update_last_login ... ok
test auth::user::tests::test_user_permissions ... ok
test encryption::tests::test_decrypt_invalid_ciphertext ... ok
test auth::jwt::tests::test_refresh_token ... ok
test auth::apikey::tests::test_list_user_keys ... ok
test auth::apikey::tests::test_generate_and_validate_key ... ok
test auth::middleware::tests::test_api_key_authentication ... ok
test encryption::tests::test_decrypt_tampered_data ... ok
test encryption::tests::test_encrypt_decrypt_small ... ok
test encryption::tests::test_decrypt_wrong_key ... ok
test encryption::tests::test_key_generation ... ok
test encryption::tests::test_key_invalid_size ... ok
test encryption::tests::test_unique_nonces ... ok
test encryption::tests::test_overhead ... ok
test encryption::tests::test_encrypt_empty ... ok
test encryption::tests::test_key_from_bytes ... ok
test encryption::tests::test_encrypt_decrypt_large ... FAILED
test encryption::tests::test_stream_encryption_threshold ... FAILED
test kdf::tests::test_cache_clear ... ok
test kdf::tests::test_params_default ... ok
test kdf::tests::test_params_testing ... ok
test kdf::tests::test_salt_generation ... ok
test kdf::tests::test_salt_hex_roundtrip ... ok
test kdf::tests::test_derive_key ... ok
test tls::cert::tests::test_certificate_save_load ... ok
test tls::cert::tests::test_certificate_builder ... ok
test tls::cert::tests::test_certificate_validation ... ok
test tls::cert::tests::test_invalid_certificate ... ok
test tls::config::tests::test_config_builder ... ok
test tls::config::tests::test_load_self_signed_certificate ... ok
test tls::config::tests::test_self_signed_config ... ok
test tls::config::tests::test_validation_requires_paths ... ok
test tls::config::tests::test_default_config ... ok
test kdf::tests::test_key_cache ... ok
test kdf::tests::test_derive_key_different_passwords ... ok
test kdf::tests::test_derive_key_deterministic ... ok
test kdf::tests::test_derive_key_different_salts ... ok

failures:

---- encryption::tests::test_encrypt_decrypt_large stdout ----

thread 'encryption::tests::test_encrypt_decrypt_large' (89669) panicked at crates/mediagit-security/src/encryption.rs:413:52:
called `Result::unwrap()` on an `Err` value: DecryptionFailed("Authentication failed: aead::Error")

---- encryption::tests::test_stream_encryption_threshold stdout ----

thread 'encryption::tests::test_stream_encryption_threshold' (89676) panicked at crates/mediagit-security/src/encryption.rs:500:45:
called `Result::unwrap()` on an `Err` value: DecryptionFailed("Authentication failed: aead::Error")
note: run with `RUST_BACKTRACE=1` environment variable to display a backtrace


failures:
    encryption::tests::test_encrypt_decrypt_large
    encryption::tests::test_stream_encryption_threshold

test result: FAILED. 52 passed; 2 failed; 0 ignored; 0 measured; 0 filtered out; finished in 0.21s

error: test failed, to rerun pass `-p mediagit-security --lib`
     Running unittests src/lib.rs (target/debug/deps/mediagit_server-0b108db69184de69)

running 6 tests
test security::tests::test_validate_repo_name_path_traversal ... ok
test security::tests::test_validate_repo_name_absolute_paths ... ok
test security::tests::test_validate_repo_name_invalid_chars ... ok
test security::tests::test_validate_repo_name_null_bytes ... ok
test security::tests::test_validate_repo_name_drive_letters ... ok
test security::tests::test_validate_repo_name_safe ... ok

test result: ok. 6 passed; 0 failed; 0 ignored; 0 measured; 0 filtered out; finished in 0.00s

     Running unittests src/main.rs (target/debug/deps/mediagit_server-9a6fdcd4061390c8)

running 0 tests

test result: ok. 0 passed; 0 failed; 0 ignored; 0 measured; 0 filtered out; finished in 0.00s

     Running tests/audit_logging_test.rs (target/debug/deps/audit_logging_test-e64cbf9ae92c44cd)

running 9 tests
test test_audit_helper_functions ... ok
test test_audit_event_serialization ... ok
test test_audit_invalid_characters ... ok
test test_audit_absolute_path_attempt ... ok
test test_audit_normal_request_no_log ... ok
test test_audit_path_traversal_attempt ... ok
test test_audit_multiple_violations ... ok
test test_audit_rate_limit_violation ... ok
test test_audit_oversized_request has been running for over 60 seconds
